2025-03-01 21:19:41 [ERROR]: Erreur de connexion Arduino: Opening /dev/ttyACM0: Unknown error code 3
2025-03-01 21:19:41 [INFO]: Tentative de reconnexion 1/5 dans 5s...
2025-03-01 21:19:46 [ERROR]: Erreur de connexion Arduino: Opening /dev/ttyACM0: Unknown error code 3
2025-03-01 21:19:46 [INFO]: Tentative de reconnexion 2/5 dans 5s...
2025-03-01 21:19:51 [ERROR]: Erreur de connexion Arduino: Opening /dev/ttyACM0: Unknown error code 3
2025-03-01 21:19:51 [INFO]: Tentative de reconnexion 3/5 dans 5s...
2025-03-01 21:19:56 [ERROR]: Erreur de connexion Arduino: Opening /dev/ttyACM0: Unknown error code 3
2025-03-01 21:19:56 [INFO]: Tentative de reconnexion 4/5 dans 5s...
2025-03-01 21:20:01 [ERROR]: Erreur de connexion Arduino: Opening /dev/ttyACM0: Unknown error code 3
2025-03-01 21:20:01 [INFO]: Tentative de reconnexion 5/5 dans 5s...
2025-03-01 21:20:06 [ERROR]: Erreur de connexion Arduino: Opening /dev/ttyACM0: Unknown error code 3
2025-03-01 21:20:06 [INFO]: Tentative de reconnexion 1/5 dans 5s...
2025-03-01 21:20:11 [ERROR]: Erreur de connexion Arduino: Opening /dev/ttyACM0: Unknown error code 3
2025-03-01 21:20:11 [INFO]: Tentative de reconnexion 2/5 dans 5s...
2025-03-01 21:20:15 [ERROR]: Erreur de connexion Arduino: Opening /dev/ttyACM0: Unknown error code 3
2025-03-01 21:20:15 [INFO]: Tentative de reconnexion 1/5 dans 5s...
2025-03-01 21:20:20 [ERROR]: Erreur de connexion Arduino: Opening /dev/ttyACM0: Unknown error code 3
2025-03-01 21:20:20 [INFO]: Tentative de reconnexion 2/5 dans 5s...
2025-03-01 21:20:25 [ERROR]: Erreur de connexion Arduino: Opening /dev/ttyACM0: Unknown error code 3
2025-03-01 21:20:25 [INFO]: Tentative de reconnexion 3/5 dans 5s...
2025-03-01 21:20:32 [ERROR]: Erreur de connexion Arduino: Opening /dev/ttyACM0: Unknown error code 3
2025-03-01 21:20:32 [INFO]: Tentative de reconnexion 1/5 dans 5s...
2025-03-01 21:20:36 [ERROR]: Erreur de connexion Arduino: Opening /dev/ttyACM0: Unknown error code 3
2025-03-01 21:20:36 [INFO]: Tentative de reconnexion 1/5 dans 5s...
2025-03-01 21:20:41 [ERROR]: Erreur de connexion Arduino: Opening /dev/ttyACM0: Unknown error code 3
2025-03-01 21:20:41 [INFO]: Tentative de reconnexion 2/5 dans 5s...
2025-03-01 21:20:46 [ERROR]: Erreur de connexion Arduino: Opening /dev/ttyACM0: Unknown error code 3
2025-03-01 21:20:46 [INFO]: Tentative de reconnexion 3/5 dans 5s...
2025-03-01 21:20:51 [ERROR]: Erreur de connexion Arduino: Opening /dev/ttyACM0: Unknown error code 3
2025-03-01 21:20:51 [INFO]: Tentative de reconnexion 4/5 dans 5s...
2025-03-01 21:20:56 [ERROR]: Erreur de connexion Arduino: Opening /dev/ttyACM0: Unknown error code 3
2025-03-01 21:20:56 [INFO]: Tentative de reconnexion 5/5 dans 5s...
2025-03-01 21:21:01 [ERROR]: Erreur de connexion Arduino: Opening /dev/ttyACM0: Unknown error code 3
2025-03-01 21:21:01 [ERROR]: Nombre maximum de tentatives de reconnexion atteint
2025-03-01 21:21:39 [ERROR]: Erreur de connexion Arduino: Opening /dev/ttyACM0: Unknown error code 3
2025-03-01 21:21:39 [INFO]: Tentative de reconnexion 1/5 dans 5s...
2025-03-01 21:21:41 [ERROR]: Erreur de connexion Arduino: Opening /dev/ttyACM0: Unknown error code 3
2025-03-01 21:21:41 [INFO]: Tentative de reconnexion 1/5 dans 5s...
2025-03-01 21:21:46 [ERROR]: Erreur de connexion Arduino: Opening /dev/ttyACM0: Unknown error code 3
2025-03-01 21:21:46 [INFO]: Tentative de reconnexion 2/5 dans 5s...
2025-03-01 21:21:51 [ERROR]: Erreur de connexion Arduino: Opening /dev/ttyACM0: Unknown error code 3
2025-03-01 21:21:51 [INFO]: Tentative de reconnexion 3/5 dans 5s...
2025-03-01 21:21:56 [ERROR]: Erreur de connexion Arduino: Opening /dev/ttyACM0: Unknown error code 3
2025-03-01 21:21:56 [INFO]: Tentative de reconnexion 4/5 dans 5s...
2025-03-01 21:22:01 [ERROR]: Erreur de connexion Arduino: Opening /dev/ttyACM0: Unknown error code 3
2025-03-01 21:22:01 [INFO]: Tentative de reconnexion 5/5 dans 5s...
2025-03-01 21:23:43 [ERROR]: Erreur de connexion Arduino: Opening /dev/ttyACM0: Unknown error code 3
2025-03-01 21:23:43 [INFO]: Tentative de reconnexion 1/5 dans 5s...
2025-03-01 21:23:48 [ERROR]: Erreur de connexion Arduino: Opening /dev/ttyACM0: Unknown error code 3
2025-03-01 21:23:48 [INFO]: Tentative de reconnexion 2/5 dans 5s...
2025-03-01 21:23:53 [ERROR]: Erreur de connexion Arduino: Opening /dev/ttyACM0: Unknown error code 3
2025-03-01 21:23:53 [INFO]: Tentative de reconnexion 3/5 dans 5s...
2025-03-01 21:23:58 [ERROR]: Erreur de connexion Arduino: Opening /dev/ttyACM0: Unknown error code 3
2025-03-01 21:23:58 [INFO]: Tentative de reconnexion 4/5 dans 5s...
2025-03-01 21:24:03 [ERROR]: Erreur de connexion Arduino: Opening /dev/ttyACM0: Unknown error code 3
2025-03-01 21:24:03 [INFO]: Tentative de reconnexion 5/5 dans 5s...
2025-03-01 21:24:08 [ERROR]: Erreur de connexion Arduino: Opening /dev/ttyACM0: Unknown error code 3
2025-03-01 21:24:08 [ERROR]: Nombre maximum de tentatives de reconnexion atteint
2025-03-01 21:24:51 [ERROR]: Erreur de connexion Arduino: Opening /dev/ttyACM0: Unknown error code 3
2025-03-01 21:24:51 [INFO]: Tentative de reconnexion 1/5 dans 5s...
2025-03-01 21:24:54 [ERROR]: Erreur de connexion Arduino: Opening /dev/ttyACM0: Unknown error code 3
2025-03-01 21:24:54 [INFO]: Tentative de reconnexion 1/5 dans 5s...
2025-03-01 21:24:59 [ERROR]: Erreur de connexion Arduino: Opening /dev/ttyACM0: Unknown error code 3
2025-03-01 21:24:59 [INFO]: Tentative de reconnexion 2/5 dans 5s...
2025-03-01 21:25:04 [ERROR]: Erreur de connexion Arduino: Opening /dev/ttyACM0: Unknown error code 3
2025-03-01 21:25:04 [INFO]: Tentative de reconnexion 3/5 dans 5s...
2025-03-01 21:25:09 [ERROR]: Erreur de connexion Arduino: Opening /dev/ttyACM0: Unknown error code 3
2025-03-01 21:25:09 [INFO]: Tentative de reconnexion 4/5 dans 5s...
2025-03-01 21:25:14 [ERROR]: Erreur de connexion Arduino: Opening /dev/ttyACM0: Unknown error code 3
2025-03-01 21:25:14 [INFO]: Tentative de reconnexion 5/5 dans 5s...
2025-03-01 21:25:19 [ERROR]: Erreur de connexion Arduino: Opening /dev/ttyACM0: Unknown error code 3
2025-03-01 21:25:19 [ERROR]: Nombre maximum de tentatives de reconnexion atteint
2025-03-01 21:27:09 [ERROR]: Erreur de connexion Arduino: Opening /dev/ttyACM0: Unknown error code 3
2025-03-01 21:27:09 [INFO]: Tentative de reconnexion 1/5 dans 5s...
2025-03-01 21:27:14 [ERROR]: Erreur de connexion Arduino: Opening /dev/ttyACM0: Unknown error code 3
2025-03-01 21:27:14 [ERROR]: Erreur de connexion Arduino au démarrage: Opening /dev/ttyACM0: Unknown error code 3
2025-03-01 21:27:14 [INFO]: Tentative de reconnexion 2/5 dans 5s...
2025-03-01 21:27:19 [ERROR]: Erreur de connexion Arduino: Opening /dev/ttyACM0: Unknown error code 3
2025-03-01 21:27:19 [ERROR]: Erreur de connexion Arduino au démarrage: Opening /dev/ttyACM0: Unknown error code 3
2025-03-01 21:27:19 [INFO]: Tentative de reconnexion 3/5 dans 5s...
2025-03-01 21:27:24 [ERROR]: Erreur de connexion Arduino: Opening /dev/ttyACM0: Unknown error code 3
2025-03-01 21:27:24 [ERROR]: Erreur de connexion Arduino au démarrage: Opening /dev/ttyACM0: Unknown error code 3
2025-03-01 21:27:24 [INFO]: Tentative de reconnexion 4/5 dans 5s...
2025-03-01 21:27:29 [ERROR]: Erreur de connexion Arduino: Opening /dev/ttyACM0: Unknown error code 3
2025-03-01 21:27:29 [ERROR]: Erreur de connexion Arduino au démarrage: Opening /dev/ttyACM0: Unknown error code 3
2025-03-01 21:27:29 [INFO]: Tentative de reconnexion 5/5 dans 5s...
2025-03-01 21:27:34 [ERROR]: Erreur de connexion Arduino: Opening /dev/ttyACM0: Unknown error code 3
2025-03-01 21:27:34 [ERROR]: Erreur de connexion Arduino au démarrage: Opening /dev/ttyACM0: Unknown error code 3
2025-03-01 21:27:34 [ERROR]: Nombre maximum de tentatives de reconnexion atteint
2025-03-01 21:27:42 [ERROR]: Erreur de connexion Arduino: Opening /dev/ttyACM0: Unknown error code 3
2025-03-01 21:27:42 [INFO]: Tentative de reconnexion 1/5 dans 5s...
2025-03-01 21:27:44 [ERROR]: Erreur de connexion Arduino: Opening /dev/ttyACM0: Unknown error code 3
2025-03-01 21:27:44 [INFO]: Tentative de reconnexion 1/5 dans 5s...
2025-03-01 21:27:47 [ERROR]: Erreur de connexion Arduino: Opening /dev/ttyACM0: Unknown error code 3
2025-03-01 21:27:47 [INFO]: Tentative de reconnexion 1/5 dans 5s...
2025-03-01 21:27:49 [ERROR]: Erreur de connexion Arduino: Opening /dev/ttyACM0: Unknown error code 3
2025-03-01 21:27:49 [INFO]: Tentative de reconnexion 1/5 dans 5s...
2025-03-01 21:27:55 [ERROR]: Erreur de connexion Arduino: Opening /dev/ttyACM0: Unknown error code 3
2025-03-01 21:27:55 [INFO]: Tentative de reconnexion 1/5 dans 5s...
2025-03-01 21:28:00 [ERROR]: Erreur de connexion Arduino: Opening /dev/ttyACM0: Unknown error code 3
2025-03-01 21:28:00 [INFO]: Tentative de reconnexion 1/5 dans 5s...
2025-03-01 21:28:05 [ERROR]: Erreur de connexion Arduino: Opening /dev/ttyACM0: Unknown error code 3
2025-03-01 21:28:05 [ERROR]: Erreur de connexion Arduino au démarrage: Opening /dev/ttyACM0: Unknown error code 3
2025-03-01 21:28:05 [INFO]: Tentative de reconnexion 2/5 dans 5s...
2025-03-01 21:28:10 [ERROR]: Erreur de connexion Arduino: Opening /dev/ttyACM0: Unknown error code 3
2025-03-01 21:28:10 [ERROR]: Erreur de connexion Arduino au démarrage: Opening /dev/ttyACM0: Unknown error code 3
2025-03-01 21:28:10 [INFO]: Tentative de reconnexion 3/5 dans 5s...
2025-03-01 21:28:15 [ERROR]: Erreur de connexion Arduino: Opening COM5: Access denied
2025-03-01 21:28:15 [INFO]: Tentative de reconnexion 1/5 dans 5s...
2025-03-01 21:28:20 [ERROR]: Erreur de connexion Arduino: Opening COM5: Access denied
2025-03-01 21:28:20 [ERROR]: Erreur de connexion Arduino au démarrage: Opening COM5: Access denied
2025-03-01 21:28:20 [INFO]: Tentative de reconnexion 2/5 dans 5s...
2025-03-01 21:28:25 [ERROR]: Erreur de connexion Arduino: Opening COM5: Access denied
2025-03-01 21:28:25 [ERROR]: Erreur de connexion Arduino au démarrage: Opening COM5: Access denied
2025-03-01 21:28:25 [INFO]: Tentative de reconnexion 3/5 dans 5s...
2025-03-01 21:28:30 [ERROR]: Erreur de connexion Arduino: Opening COM5: Access denied
2025-03-01 21:28:30 [ERROR]: Erreur de connexion Arduino au démarrage: Opening COM5: Access denied
2025-03-01 21:28:30 [INFO]: Tentative de reconnexion 4/5 dans 5s...
2025-03-01 21:28:35 [ERROR]: Erreur de connexion Arduino: Opening COM5: Access denied
2025-03-01 21:28:35 [ERROR]: Erreur de connexion Arduino au démarrage: Opening COM5: Access denied
2025-03-01 21:28:35 [INFO]: Tentative de reconnexion 5/5 dans 5s...
2025-03-01 21:28:40 [ERROR]: Erreur de connexion Arduino: Opening COM5: Access denied
2025-03-01 21:28:40 [ERROR]: Erreur de connexion Arduino au démarrage: Opening COM5: Access denied
2025-03-01 21:28:40 [ERROR]: Nombre maximum de tentatives de reconnexion atteint
2025-03-01 21:29:15 [ERROR]: Erreur de connexion Arduino: Opening COM5: Access denied
2025-03-01 21:29:15 [INFO]: Tentative de reconnexion 1/5 dans 5s...
2025-03-01 21:29:20 [ERROR]: Erreur de connexion Arduino: Opening COM5: Access denied
2025-03-01 21:29:20 [ERROR]: Erreur de connexion Arduino au démarrage: Opening COM5: Access denied
2025-03-01 21:29:20 [INFO]: Tentative de reconnexion 2/5 dans 5s...
2025-03-01 21:29:25 [ERROR]: Erreur de connexion Arduino: Opening COM5: Access denied
2025-03-01 21:29:25 [ERROR]: Erreur de connexion Arduino au démarrage: Opening COM5: Access denied
2025-03-01 21:29:25 [INFO]: Tentative de reconnexion 3/5 dans 5s...
2025-03-01 21:29:30 [ERROR]: Erreur de connexion Arduino: Opening /COM5: Access denied
2025-03-01 21:29:30 [INFO]: Tentative de reconnexion 1/5 dans 5s...
2025-03-01 21:29:35 [ERROR]: Erreur de connexion Arduino: Opening /COM5: Access denied
2025-03-01 21:29:35 [ERROR]: Erreur de connexion Arduino au démarrage: Opening /COM5: Access denied
2025-03-01 21:29:35 [INFO]: Tentative de reconnexion 2/5 dans 5s...
2025-03-01 21:29:40 [ERROR]: Erreur de connexion Arduino: Opening /COM5: Access denied
2025-03-01 21:29:40 [ERROR]: Erreur de connexion Arduino au démarrage: Opening /COM5: Access denied
2025-03-01 21:29:40 [INFO]: Tentative de reconnexion 3/5 dans 5s...
2025-03-01 21:29:45 [ERROR]: Erreur de connexion Arduino: Opening /COM5: Access denied
2025-03-01 21:29:45 [ERROR]: Erreur de connexion Arduino au démarrage: Opening /COM5: Access denied
2025-03-01 21:29:45 [INFO]: Tentative de reconnexion 4/5 dans 5s...
2025-03-01 21:29:50 [ERROR]: Erreur de connexion Arduino: Opening /COM5: File not found
2025-03-01 21:29:50 [ERROR]: Erreur de connexion Arduino au démarrage: Opening /COM5: File not found
2025-03-01 21:29:50 [INFO]: Tentative de reconnexion 5/5 dans 5s...
2025-03-01 21:29:55 [ERROR]: Erreur de connexion Arduino: Opening /COM5: File not found
2025-03-01 21:29:55 [ERROR]: Erreur de connexion Arduino au démarrage: Opening /COM5: File not found
2025-03-01 21:29:55 [ERROR]: Nombre maximum de tentatives de reconnexion atteint
2025-03-01 21:35:51 [ERROR]: Erreur de connexion Arduino: Opening /COM5: File not found
2025-03-01 21:35:51 [INFO]: Tentative de reconnexion 1/5 dans 5s...
2025-03-01 21:35:56 [ERROR]: Erreur de connexion Arduino: Opening /COM5: File not found
2025-03-01 21:35:56 [ERROR]: Erreur de connexion Arduino au démarrage: Opening /COM5: File not found
2025-03-01 21:35:56 [INFO]: Tentative de reconnexion 2/5 dans 5s...
2025-03-01 21:36:01 [ERROR]: Erreur de connexion Arduino: Opening /COM5: File not found
2025-03-01 21:36:01 [ERROR]: Erreur de connexion Arduino au démarrage: Opening /COM5: File not found
2025-03-01 21:36:01 [INFO]: Tentative de reconnexion 3/5 dans 5s...
2025-03-01 21:36:06 [ERROR]: Erreur de connexion Arduino: Opening /COM5: File not found
2025-03-01 21:36:06 [ERROR]: Erreur de connexion Arduino au démarrage: Opening /COM5: File not found
2025-03-01 21:36:06 [INFO]: Tentative de reconnexion 4/5 dans 5s...
2025-03-01 21:36:11 [ERROR]: Erreur de connexion Arduino: Opening /COM5: File not found
2025-03-01 21:36:11 [ERROR]: Erreur de connexion Arduino au démarrage: Opening /COM5: File not found
2025-03-01 21:36:11 [INFO]: Tentative de reconnexion 5/5 dans 5s...
2025-03-01 21:36:16 [ERROR]: Erreur de connexion Arduino: Opening /COM5: File not found
2025-03-01 21:36:16 [ERROR]: Erreur de connexion Arduino au démarrage: Opening /COM5: File not found
2025-03-01 21:36:16 [ERROR]: Nombre maximum de tentatives de reconnexion atteint
2025-03-02 01:21:35 [ERROR]: Erreur de connexion Arduino: Opening /COM5: File not found
2025-03-02 01:21:35 [INFO]: Tentative de reconnexion 1/5 dans 5s...
2025-03-02 01:21:40 [ERROR]: Erreur de connexion Arduino: Opening /COM5: File not found
2025-03-02 01:21:40 [ERROR]: Erreur de connexion Arduino au démarrage: Opening /COM5: File not found
2025-03-02 01:21:40 [INFO]: Tentative de reconnexion 2/5 dans 5s...
2025-03-02 01:21:45 [ERROR]: Erreur de connexion Arduino: Opening /COM5: File not found
2025-03-02 01:21:45 [ERROR]: Erreur de connexion Arduino au démarrage: Opening /COM5: File not found
2025-03-02 01:21:45 [INFO]: Tentative de reconnexion 3/5 dans 5s...
2025-03-02 01:21:50 [ERROR]: Erreur de connexion Arduino: Opening /COM5: File not found
2025-03-02 01:21:50 [ERROR]: Erreur de connexion Arduino au démarrage: Opening /COM5: File not found
2025-03-02 01:21:50 [INFO]: Tentative de reconnexion 4/5 dans 5s...
2025-03-02 01:21:55 [ERROR]: Erreur de connexion Arduino: Opening /COM5: File not found
2025-03-02 01:21:55 [ERROR]: Erreur de connexion Arduino au démarrage: Opening /COM5: File not found
2025-03-02 01:21:55 [INFO]: Tentative de reconnexion 5/5 dans 5s...
2025-03-02 01:21:57 [ERROR]: Erreur de connexion Arduino: Opening /COM5: File not found
2025-03-02 01:21:57 [INFO]: Tentative de reconnexion 1/5 dans 5s...
2025-03-02 01:22:06 [ERROR]: Erreur de connexion Arduino: Opening /COM5: File not found
2025-03-02 01:22:06 [INFO]: Tentative de reconnexion 1/5 dans 5s...
2025-03-02 01:22:11 [ERROR]: Erreur de connexion Arduino: Opening /COM5: File not found
2025-03-02 01:22:11 [ERROR]: Erreur de connexion Arduino au démarrage: Opening /COM5: File not found
2025-03-02 01:22:11 [INFO]: Tentative de reconnexion 2/5 dans 5s...
2025-03-02 01:22:16 [ERROR]: Erreur de connexion Arduino: Opening /COM5: File not found
2025-03-02 01:22:16 [ERROR]: Erreur de connexion Arduino au démarrage: Opening /COM5: File not found
2025-03-02 01:22:16 [INFO]: Tentative de reconnexion 3/5 dans 5s...
2025-03-02 01:22:21 [ERROR]: Erreur de connexion Arduino: Opening /COM5: File not found
2025-03-02 01:22:21 [ERROR]: Erreur de connexion Arduino au démarrage: Opening /COM5: File not found
2025-03-02 01:22:21 [INFO]: Tentative de reconnexion 4/5 dans 5s...
2025-03-02 01:22:26 [ERROR]: Erreur de connexion Arduino: Opening /COM5: File not found
2025-03-02 01:22:26 [INFO]: Tentative de reconnexion 1/5 dans 5s...
2025-03-02 01:22:31 [ERROR]: Erreur de connexion Arduino: Opening /COM5: File not found
2025-03-02 01:22:31 [ERROR]: Erreur de connexion Arduino au démarrage: Opening /COM5: File not found
2025-03-02 01:22:31 [INFO]: Tentative de reconnexion 2/5 dans 5s...
2025-03-02 01:22:36 [ERROR]: Erreur de connexion Arduino: Opening /COM5: File not found
2025-03-02 01:22:36 [ERROR]: Erreur de connexion Arduino au démarrage: Opening /COM5: File not found
2025-03-02 01:22:36 [INFO]: Tentative de reconnexion 3/5 dans 5s...
2025-03-02 01:22:38 [ERROR]: Erreur de connexion Arduino: Opening /COM5: File not found
2025-03-02 01:22:38 [INFO]: Tentative de reconnexion 1/5 dans 5s...
2025-03-02 01:22:43 [ERROR]: Erreur de connexion Arduino: Opening /COM5: File not found
2025-03-02 01:22:43 [ERROR]: Erreur de connexion Arduino au démarrage: Opening /COM5: File not found
2025-03-02 01:22:43 [INFO]: Tentative de reconnexion 2/5 dans 5s...
2025-03-02 01:22:50 [ERROR]: Erreur de connexion Arduino: Opening /COM5: File not found
2025-03-02 01:22:50 [INFO]: Tentative de reconnexion 1/5 dans 5s...
2025-03-02 01:22:55 [ERROR]: Erreur de connexion Arduino: Opening /COM5: File not found
2025-03-02 01:22:55 [ERROR]: Erreur de connexion Arduino au démarrage: Opening /COM5: File not found
2025-03-02 01:22:55 [INFO]: Tentative de reconnexion 2/5 dans 5s...
2025-03-02 01:23:00 [ERROR]: Erreur de connexion Arduino: Opening /COM5: File not found
2025-03-02 01:23:00 [ERROR]: Erreur de connexion Arduino au démarrage: Opening /COM5: File not found
2025-03-02 01:23:00 [INFO]: Tentative de reconnexion 3/5 dans 5s...
2025-03-02 01:23:05 [ERROR]: Erreur de connexion Arduino: Opening /COM5: File not found
2025-03-02 01:23:05 [ERROR]: Erreur de connexion Arduino au démarrage: Opening /COM5: File not found
2025-03-02 01:23:05 [INFO]: Tentative de reconnexion 4/5 dans 5s...
2025-03-02 01:23:07 [ERROR]: Erreur de connexion Arduino: Opening /COM5: File not found
2025-03-02 01:23:07 [INFO]: Tentative de reconnexion 1/5 dans 5s...
2025-03-02 01:23:12 [ERROR]: Erreur de connexion Arduino: Opening /COM5: File not found
2025-03-02 01:23:12 [ERROR]: Erreur de connexion Arduino au démarrage: Opening /COM5: File not found
2025-03-02 01:23:12 [INFO]: Tentative de reconnexion 2/5 dans 5s...
2025-03-02 01:23:17 [ERROR]: Erreur de connexion Arduino: Opening /COM5: File not found
2025-03-02 01:23:17 [ERROR]: Erreur de connexion Arduino au démarrage: Opening /COM5: File not found
2025-03-02 01:23:17 [INFO]: Tentative de reconnexion 3/5 dans 5s...
2025-03-02 01:23:22 [ERROR]: Erreur de connexion Arduino: Opening /COM5: File not found
2025-03-02 01:23:22 [ERROR]: Erreur de connexion Arduino au démarrage: Opening /COM5: File not found
2025-03-02 01:23:22 [INFO]: Tentative de reconnexion 4/5 dans 5s...
2025-03-02 01:23:27 [ERROR]: Erreur de connexion Arduino: Opening /COM5: File not found
2025-03-02 01:23:27 [INFO]: Tentative de reconnexion 1/5 dans 5s...
2025-03-02 01:23:32 [ERROR]: Erreur de connexion Arduino: Opening /COM5: File not found
2025-03-02 01:23:32 [ERROR]: Erreur de connexion Arduino au démarrage: Opening /COM5: File not found
2025-03-02 01:23:32 [INFO]: Tentative de reconnexion 2/5 dans 5s...
2025-03-02 01:23:37 [ERROR]: Erreur de connexion Arduino: Opening /COM5: File not found
2025-03-02 01:23:37 [ERROR]: Erreur de connexion Arduino au démarrage: Opening /COM5: File not found
2025-03-02 01:23:37 [INFO]: Tentative de reconnexion 3/5 dans 5s...
2025-03-02 01:23:42 [ERROR]: Erreur de connexion Arduino: Opening /COM5: File not found
2025-03-02 01:23:42 [ERROR]: Erreur de connexion Arduino au démarrage: Opening /COM5: File not found
2025-03-02 01:23:42 [INFO]: Tentative de reconnexion 4/5 dans 5s...
2025-03-02 01:23:47 [ERROR]: Erreur de connexion Arduino: Opening /COM5: File not found
2025-03-02 01:23:47 [INFO]: Tentative de reconnexion 1/5 dans 5s...
2025-03-02 01:23:52 [ERROR]: Erreur de connexion Arduino: Opening /COM5: File not found
2025-03-02 01:23:52 [ERROR]: Erreur de connexion Arduino au démarrage: Opening /COM5: File not found
2025-03-02 01:23:52 [INFO]: Tentative de reconnexion 2/5 dans 5s...
2025-03-02 01:23:58 [ERROR]: Erreur de connexion Arduino: Opening /COM5: File not found
2025-03-02 01:23:58 [INFO]: Tentative de reconnexion 1/5 dans 5s...
2025-03-02 01:24:03 [ERROR]: Erreur de connexion Arduino: Opening /COM5: File not found
2025-03-02 01:24:03 [ERROR]: Erreur de connexion Arduino au démarrage: Opening /COM5: File not found
2025-03-02 01:24:03 [INFO]: Tentative de reconnexion 2/5 dans 5s...
2025-03-02 01:24:08 [ERROR]: Erreur de connexion Arduino: Opening /COM5: File not found
2025-03-02 01:24:08 [ERROR]: Erreur de connexion Arduino au démarrage: Opening /COM5: File not found
2025-03-02 01:24:08 [INFO]: Tentative de reconnexion 3/5 dans 5s...
2025-03-02 01:24:13 [ERROR]: Erreur de connexion Arduino: Opening /COM5: File not found
2025-03-02 01:24:13 [ERROR]: Erreur de connexion Arduino au démarrage: Opening /COM5: File not found
2025-03-02 01:24:13 [INFO]: Tentative de reconnexion 4/5 dans 5s...
2025-03-02 01:24:18 [ERROR]: Erreur de connexion Arduino: Opening /COM5: File not found
2025-03-02 01:24:18 [ERROR]: Erreur de connexion Arduino au démarrage: Opening /COM5: File not found
2025-03-02 01:24:18 [INFO]: Tentative de reconnexion 5/5 dans 5s...
2025-03-02 01:24:23 [ERROR]: Erreur de connexion Arduino: Opening /COM5: File not found
2025-03-02 01:24:23 [ERROR]: Erreur de connexion Arduino au démarrage: Opening /COM5: File not found
2025-03-02 01:24:23 [ERROR]: Nombre maximum de tentatives de reconnexion atteint
2025-03-02 01:25:55 [ERROR]: Erreur de connexion Arduino: Opening /COM5: File not found
2025-03-02 01:25:55 [INFO]: Tentative de reconnexion 1/5 dans 5s...
2025-03-02 01:26:00 [ERROR]: Erreur de connexion Arduino: Opening /COM5: File not found
2025-03-02 01:26:00 [ERROR]: Erreur de connexion Arduino au démarrage: Opening /COM5: File not found
2025-03-02 01:26:00 [INFO]: Tentative de reconnexion 2/5 dans 5s...
2025-03-02 01:26:05 [ERROR]: Erreur de connexion Arduino: Opening /COM5: File not found
2025-03-02 01:26:05 [ERROR]: Erreur de connexion Arduino au démarrage: Opening /COM5: File not found
2025-03-02 01:26:05 [INFO]: Tentative de reconnexion 3/5 dans 5s...
2025-03-02 01:26:10 [ERROR]: Erreur de connexion Arduino: Opening /COM5: File not found
2025-03-02 01:26:10 [ERROR]: Erreur de connexion Arduino au démarrage: Opening /COM5: File not found
2025-03-02 01:26:10 [INFO]: Tentative de reconnexion 4/5 dans 5s...
2025-03-02 01:26:15 [ERROR]: Erreur de connexion Arduino: Opening /COM5: File not found
2025-03-02 01:26:15 [ERROR]: Erreur de connexion Arduino au démarrage: Opening /COM5: File not found
2025-03-02 01:26:15 [INFO]: Tentative de reconnexion 5/5 dans 5s...
2025-03-02 01:26:20 [ERROR]: Erreur de connexion Arduino: Opening /COM5: File not found
2025-03-02 01:26:20 [ERROR]: Erreur de connexion Arduino au démarrage: Opening /COM5: File not found
2025-03-02 01:26:20 [ERROR]: Nombre maximum de tentatives de reconnexion atteint
2025-03-02 01:26:46 [ERROR]: Erreur de connexion Arduino: Opening /COM5: File not found
2025-03-02 01:26:46 [INFO]: Tentative de reconnexion 1/5 dans 5s...
2025-03-02 01:26:51 [ERROR]: Erreur de connexion Arduino: Opening /COM5: File not found
2025-03-02 01:26:51 [ERROR]: Erreur de connexion Arduino au démarrage: Opening /COM5: File not found
2025-03-02 01:26:51 [INFO]: Tentative de reconnexion 2/5 dans 5s...
2025-03-02 01:26:56 [ERROR]: Erreur de connexion Arduino: Opening /COM5: File not found
2025-03-02 01:26:56 [ERROR]: Erreur de connexion Arduino au démarrage: Opening /COM5: File not found
2025-03-02 01:26:56 [INFO]: Tentative de reconnexion 3/5 dans 5s...
2025-03-02 01:27:01 [ERROR]: Erreur de connexion Arduino: Opening /COM5: File not found
2025-03-02 01:27:01 [ERROR]: Erreur de connexion Arduino au démarrage: Opening /COM5: File not found
2025-03-02 01:27:01 [INFO]: Tentative de reconnexion 4/5 dans 5s...
2025-03-02 01:27:06 [ERROR]: Erreur de connexion Arduino: Opening /COM5: File not found
2025-03-02 01:27:06 [ERROR]: Erreur de connexion Arduino au démarrage: Opening /COM5: File not found
2025-03-02 01:27:06 [INFO]: Tentative de reconnexion 5/5 dans 5s...
2025-03-02 01:27:11 [ERROR]: Erreur de connexion Arduino: Opening /COM5: File not found
2025-03-02 01:27:11 [ERROR]: Erreur de connexion Arduino au démarrage: Opening /COM5: File not found
2025-03-02 01:27:11 [ERROR]: Nombre maximum de tentatives de reconnexion atteint
2025-03-02 01:27:41 [ERROR]: Erreur de connexion Arduino: Opening /COM5: File not found
2025-03-02 01:27:41 [INFO]: Tentative de reconnexion 1/5 dans 5s...
2025-03-02 01:27:46 [ERROR]: Erreur de connexion Arduino: Opening /COM5: File not found
2025-03-02 01:27:46 [ERROR]: Erreur de connexion Arduino au démarrage: Opening /COM5: File not found
2025-03-02 01:27:46 [INFO]: Tentative de reconnexion 2/5 dans 5s...
2025-03-02 01:27:51 [ERROR]: Erreur de connexion Arduino: Opening /COM5: File not found
2025-03-02 01:27:51 [ERROR]: Erreur de connexion Arduino au démarrage: Opening /COM5: File not found
2025-03-02 01:27:51 [INFO]: Tentative de reconnexion 3/5 dans 5s...
2025-03-02 01:27:56 [ERROR]: Erreur de connexion Arduino: Opening /COM5: File not found
2025-03-02 01:27:56 [ERROR]: Erreur de connexion Arduino au démarrage: Opening /COM5: File not found
2025-03-02 01:27:56 [INFO]: Tentative de reconnexion 4/5 dans 5s...
2025-03-02 01:28:01 [ERROR]: Erreur de connexion Arduino: Opening /COM5: File not found
2025-03-02 01:28:01 [ERROR]: Erreur de connexion Arduino au démarrage: Opening /COM5: File not found
2025-03-02 01:28:01 [INFO]: Tentative de reconnexion 5/5 dans 5s...
2025-03-02 01:28:06 [ERROR]: Erreur de connexion Arduino: Opening /COM5: File not found
2025-03-02 01:28:06 [ERROR]: Erreur de connexion Arduino au démarrage: Opening /COM5: File not found
2025-03-02 01:28:06 [ERROR]: Nombre maximum de tentatives de reconnexion atteint
2025-03-02 01:28:39 [ERROR]: Erreur de connexion Arduino: Opening /COM5: File not found
2025-03-02 01:28:39 [INFO]: Tentative de reconnexion 1/5 dans 5s...
2025-03-02 01:28:42 [ERROR]: Erreur de connexion Arduino: Opening /COM5: File not found
2025-03-02 01:28:42 [INFO]: Tentative de reconnexion 1/5 dans 5s...
2025-03-02 01:28:43 [ERROR]: Erreur de connexion Arduino: Opening /COM5: File not found
2025-03-02 01:28:43 [INFO]: Tentative de reconnexion 1/5 dans 5s...
2025-03-02 01:28:47 [ERROR]: Erreur de connexion Arduino: Opening /COM5: File not found
2025-03-02 01:28:47 [INFO]: Tentative de reconnexion 1/5 dans 5s...
2025-03-02 01:28:49 [ERROR]: Erreur de connexion Arduino: Opening /COM5: File not found
2025-03-02 01:28:49 [INFO]: Tentative de reconnexion 1/5 dans 5s...
2025-03-02 01:28:53 [ERROR]: Erreur de connexion Arduino: Opening /COM5: File not found
2025-03-02 01:28:53 [INFO]: Tentative de reconnexion 1/5 dans 5s...
2025-03-02 01:28:58 [ERROR]: Erreur de connexion Arduino: Opening /COM5: File not found
2025-03-02 01:28:58 [ERROR]: Erreur de connexion Arduino au démarrage: Opening /COM5: File not found
2025-03-02 01:28:58 [INFO]: Tentative de reconnexion 2/5 dans 5s...
2025-03-02 01:29:03 [ERROR]: Erreur de connexion Arduino: Opening /COM5: File not found
2025-03-02 01:29:03 [INFO]: Tentative de reconnexion 1/5 dans 5s...
2025-03-02 01:29:08 [ERROR]: Erreur de connexion Arduino: Opening /COM5: File not found
2025-03-02 01:29:08 [ERROR]: Erreur de connexion Arduino au démarrage: Opening /COM5: File not found
2025-03-02 01:29:08 [INFO]: Tentative de reconnexion 2/5 dans 5s...
2025-03-02 01:29:13 [ERROR]: Erreur de connexion Arduino: Opening /COM5: File not found
2025-03-02 01:29:13 [ERROR]: Erreur de connexion Arduino au démarrage: Opening /COM5: File not found
2025-03-02 01:29:13 [INFO]: Tentative de reconnexion 3/5 dans 5s...
2025-03-02 01:29:18 [ERROR]: Erreur de connexion Arduino: Opening /COM5: File not found
2025-03-02 01:29:18 [ERROR]: Erreur de connexion Arduino au démarrage: Opening /COM5: File not found
2025-03-02 01:29:18 [INFO]: Tentative de reconnexion 4/5 dans 5s...
2025-03-02 01:29:23 [ERROR]: Erreur de connexion Arduino: Opening /COM5: File not found
2025-03-02 01:29:23 [ERROR]: Erreur de connexion Arduino au démarrage: Opening /COM5: File not found
2025-03-02 01:29:23 [INFO]: Tentative de reconnexion 5/5 dans 5s...
2025-03-02 01:29:28 [ERROR]: Erreur de connexion Arduino: Opening /COM5: File not found
2025-03-02 01:29:28 [ERROR]: Erreur de connexion Arduino au démarrage: Opening /COM5: File not found
2025-03-02 01:29:28 [ERROR]: Nombre maximum de tentatives de reconnexion atteint
2025-03-02 01:29:54 [ERROR]: Erreur de connexion Arduino: Opening /COM5: File not found
2025-03-02 01:29:54 [INFO]: Tentative de reconnexion 1/5 dans 5s...
2025-03-02 01:29:56 [ERROR]: Erreur de connexion Arduino: Opening /COM5: File not found
2025-03-02 01:29:56 [INFO]: Tentative de reconnexion 1/5 dans 5s...
2025-03-02 01:30:02 [ERROR]: Erreur de connexion Arduino: Opening /COM5: File not found
2025-03-02 01:30:02 [INFO]: Tentative de reconnexion 1/5 dans 5s...
2025-03-02 01:30:06 [ERROR]: Erreur de connexion Arduino: Opening /COM5: File not found
2025-03-02 01:30:06 [INFO]: Tentative de reconnexion 1/5 dans 5s...
2025-03-02 01:30:09 [ERROR]: Erreur de connexion Arduino: Opening /COM5: File not found
2025-03-02 01:30:09 [INFO]: Tentative de reconnexion 1/5 dans 5s...
2025-03-02 01:30:14 [ERROR]: Erreur de connexion Arduino: Opening /COM5: File not found
2025-03-02 01:30:14 [INFO]: Tentative de reconnexion 1/5 dans 5s...
2025-03-02 01:30:18 [ERROR]: Erreur de connexion Arduino: Opening /COM5: File not found
2025-03-02 01:30:18 [INFO]: Tentative de reconnexion 1/5 dans 5s...
2025-03-02 01:30:22 [ERROR]: Erreur de connexion Arduino: Opening /COM5: File not found
2025-03-02 01:30:22 [INFO]: Tentative de reconnexion 1/5 dans 5s...
2025-03-02 01:30:25 [ERROR]: Erreur de connexion Arduino: Opening /COM5: File not found
2025-03-02 01:30:25 [INFO]: Tentative de reconnexion 1/5 dans 5s...
2025-03-02 01:30:29 [ERROR]: Erreur de connexion Arduino: Opening /COM5: File not found
2025-03-02 01:30:29 [INFO]: Tentative de reconnexion 1/5 dans 5s...
2025-03-02 01:30:33 [ERROR]: Erreur de connexion Arduino: Opening /COM5: File not found
2025-03-02 01:30:33 [INFO]: Tentative de reconnexion 1/5 dans 5s...
2025-03-02 01:30:36 [ERROR]: Erreur de connexion Arduino: Opening /COM5: File not found
2025-03-02 01:30:36 [INFO]: Tentative de reconnexion 1/5 dans 5s...
2025-03-02 01:30:38 [ERROR]: Erreur de connexion Arduino: Opening /COM5: File not found
2025-03-02 01:30:38 [INFO]: Tentative de reconnexion 1/5 dans 5s...
2025-03-02 01:30:45 [ERROR]: Erreur de connexion Arduino: Opening /COM5: File not found
2025-03-02 01:30:45 [INFO]: Tentative de reconnexion 1/5 dans 5s...
2025-03-02 01:30:49 [ERROR]: Erreur de connexion Arduino: Opening /COM5: File not found
2025-03-02 01:30:49 [INFO]: Tentative de reconnexion 1/5 dans 5s...
2025-03-02 01:30:55 [ERROR]: Erreur de connexion Arduino: Opening /COM5: File not found
2025-03-02 01:30:55 [INFO]: Tentative de reconnexion 1/5 dans 5s...
2025-03-02 01:30:59 [ERROR]: Erreur de connexion Arduino: Opening /COM5: File not found
2025-03-02 01:30:59 [INFO]: Tentative de reconnexion 1/5 dans 5s...
2025-03-02 01:31:03 [ERROR]: Erreur de connexion Arduino: Opening /COM5: File not found
2025-03-02 01:31:03 [INFO]: Tentative de reconnexion 1/5 dans 5s...
2025-03-02 01:31:08 [ERROR]: Erreur de connexion Arduino: Opening /COM5: File not found
2025-03-02 01:31:08 [ERROR]: Erreur de connexion Arduino au démarrage: Opening /COM5: File not found
2025-03-02 01:31:08 [INFO]: Tentative de reconnexion 2/5 dans 5s...
2025-03-02 01:31:13 [ERROR]: Erreur de connexion Arduino: Opening /COM5: File not found
2025-03-02 01:31:13 [ERROR]: Erreur de connexion Arduino au démarrage: Opening /COM5: File not found
2025-03-02 01:31:13 [INFO]: Tentative de reconnexion 3/5 dans 5s...
2025-03-02 01:31:18 [ERROR]: Erreur de connexion Arduino: Opening /COM5: File not found
2025-03-02 01:31:18 [ERROR]: Erreur de connexion Arduino au démarrage: Opening /COM5: File not found
2025-03-02 01:31:18 [INFO]: Tentative de reconnexion 4/5 dans 5s...
2025-03-02 01:31:23 [ERROR]: Erreur de connexion Arduino: Opening /COM5: File not found
2025-03-02 01:31:23 [ERROR]: Erreur de connexion Arduino au démarrage: Opening /COM5: File not found
2025-03-02 01:31:23 [INFO]: Tentative de reconnexion 5/5 dans 5s...
2025-03-02 01:31:28 [ERROR]: Erreur de connexion Arduino: Opening /COM5: File not found
2025-03-02 01:31:28 [ERROR]: Erreur de connexion Arduino au démarrage: Opening /COM5: File not found
2025-03-02 01:31:28 [ERROR]: Nombre maximum de tentatives de reconnexion atteint
2025-03-02 02:15:17 [INFO]: Connexion établie avec Arduino sur /COM5
2025-03-02 02:15:18 [ERROR]: Erreur lors de l'analyse des données Arduino: Unexpected token 'S', "Système d'"... is not valid JSON
2025-03-02 02:15:18 [ERROR]: Erreur de connexion Arduino au démarrage: Unexpected token 'S', "Système d'"... is not valid JSON
2025-03-02 02:23:18 [ERROR]: Erreur lors de l'analyse des données Arduino: Unexpected token 'D', "Début de l"... is not valid JSON
2025-03-02 02:23:18 [ERROR]: Erreur de connexion Arduino au démarrage: Unexpected token 'D', "Début de l"... is not valid JSON
2025-03-02 02:23:23 [ERROR]: Erreur lors de l'analyse des données Arduino: Unexpected token 'D', "Distributi"... is not valid JSON
2025-03-02 02:23:23 [ERROR]: Erreur de connexion Arduino au démarrage: Unexpected token 'D', "Distributi"... is not valid JSON
2025-03-02 02:23:24 [ERROR]: Erreur lors de l'analyse des données Arduino: Unexpected token 'D', "Début de l"... is not valid JSON
2025-03-02 02:23:24 [ERROR]: Erreur de connexion Arduino au démarrage: Unexpected token 'D', "Début de l"... is not valid JSON
2025-03-02 02:23:24 [ERROR]: Erreur lors de l'analyse des données Arduino: Unexpected token 'F', "Fin de l'a"... is not valid JSON
2025-03-02 02:23:24 [ERROR]: Erreur de connexion Arduino au démarrage: Unexpected token 'F', "Fin de l'a"... is not valid JSON
2025-03-02 02:23:24 [ERROR]: Erreur lors de l'analyse des données Arduino: Unexpected token 'F', "Fin de l'arrosage" is not valid JSON
2025-03-02 02:23:24 [ERROR]: Erreur de connexion Arduino au démarrage: Unexpected token 'F', "Fin de l'arrosage" is not valid JSON
2025-03-02 02:24:26 [INFO]: Connexion établie avec Arduino sur /COM5
2025-03-02 02:25:02 [INFO]: Connexion établie avec Arduino sur /COM5
2025-03-02 02:26:21 [ERROR]: Erreur de connexion Arduino: Opening /COM5: Access denied
2025-03-02 02:26:21 [INFO]: Tentative de reconnexion 1/5 dans 5s...
2025-03-02 02:26:26 [ERROR]: Erreur de connexion Arduino: Opening /COM5: Access denied
2025-03-02 02:26:26 [ERROR]: Erreur de connexion Arduino au démarrage: Opening /COM5: Access denied
2025-03-02 02:26:26 [INFO]: Tentative de reconnexion 2/5 dans 5s...
2025-03-02 02:26:31 [ERROR]: Erreur de connexion Arduino: Opening /COM5: Access denied
2025-03-02 02:26:31 [ERROR]: Erreur de connexion Arduino au démarrage: Opening /COM5: Access denied
2025-03-02 02:26:31 [INFO]: Tentative de reconnexion 3/5 dans 5s...
2025-03-02 02:26:36 [ERROR]: Erreur de connexion Arduino: Opening /COM5: Access denied
2025-03-02 02:26:36 [ERROR]: Erreur de connexion Arduino au démarrage: Opening /COM5: Access denied
2025-03-02 02:26:36 [INFO]: Tentative de reconnexion 4/5 dans 5s...
2025-03-02 02:26:41 [ERROR]: Erreur de connexion Arduino: Opening /COM5: Access denied
2025-03-02 02:26:41 [ERROR]: Erreur de connexion Arduino au démarrage: Opening /COM5: Access denied
2025-03-02 02:26:41 [INFO]: Tentative de reconnexion 5/5 dans 5s...
2025-03-02 02:26:46 [ERROR]: Erreur de connexion Arduino: Opening /COM5: Access denied
2025-03-02 02:26:46 [ERROR]: Erreur de connexion Arduino au démarrage: Opening /COM5: Access denied
2025-03-02 02:26:46 [ERROR]: Nombre maximum de tentatives de reconnexion atteint
2025-03-02 02:31:39 [INFO]: Connexion établie avec Arduino sur /COM5
2025-03-02 02:34:37 [INFO]: Connexion établie avec Arduino sur /COM5
2025-03-02 02:34:37 [INFO]: Commande envoyée à Arduino: GET_STATUS
2025-03-02 02:37:25 [INFO]: Connexion établie avec Arduino sur /COM5
2025-03-02 02:37:25 [INFO]: Commande envoyée à Arduino: GET_STATUS
2025-03-02 02:39:29 [INFO]: Connexion établie avec Arduino sur /COM5
2025-03-02 02:39:29 [INFO]: Commande envoyée à Arduino: GET_STATUS
2025-03-02 02:42:09 [INFO]: Connexion établie avec Arduino sur /COM5
2025-03-02 02:42:09 [INFO]: Commande envoyée à Arduino: GET_STATUS
2025-03-02 02:57:01 [INFO]: Connexion établie avec Arduino sur /COM5
2025-03-02 02:57:01 [INFO]: Arduino connecté au démarrage du serveur
2025-03-02 02:57:01 [INFO]: Commande envoyée à Arduino: GET_STATUS
2025-03-02 02:57:03 [INFO]: Commande envoyée à Arduino: GET_STATUS
2025-03-02 02:57:12 [INFO]: État Arduino mis à jour:
2025-03-02 02:57:48 [INFO]: Commande envoyée à Arduino: GET_STATUS
2025-03-02 02:57:48 [INFO]: État Arduino mis à jour:
2025-03-02 02:57:53 [INFO]: Commande envoyée à Arduino: GET_STATUS
2025-03-02 02:57:53 [INFO]: État Arduino mis à jour:
2025-03-02 02:58:36 [INFO]: Commande envoyée à Arduino: SET_FEEDING_TIME:NaN,NaN,1
2025-03-02 02:58:36 [INFO]: État Arduino mis à jour:
2025-03-02 02:58:43 [INFO]: Commande envoyée à Arduino: SET_FEEDING_TIME:NaN,NaN,1
2025-03-02 02:58:43 [INFO]: État Arduino mis à jour:
2025-03-02 02:58:53 [INFO]: Commande envoyée à Arduino: GET_STATUS
2025-03-02 02:58:53 [INFO]: État Arduino mis à jour:
2025-03-02 02:59:07 [INFO]: Commande envoyée à Arduino: GET_STATUS
2025-03-02 02:59:08 [INFO]: État Arduino mis à jour:
2025-03-02 03:00:08 [INFO]: Commande envoyée à Arduino: GET_STATUS
2025-03-02 03:00:08 [INFO]: État Arduino mis à jour:
2025-03-02 03:01:08 [INFO]: Commande envoyée à Arduino: GET_STATUS
2025-03-02 03:01:08 [INFO]: État Arduino mis à jour:
2025-03-02 03:02:08 [INFO]: Commande envoyée à Arduino: GET_STATUS
2025-03-02 03:02:08 [INFO]: État Arduino mis à jour:
2025-03-02 03:03:08 [INFO]: Commande envoyée à Arduino: GET_STATUS
2025-03-02 03:03:08 [INFO]: État Arduino mis à jour:
2025-03-02 03:04:08 [INFO]: Commande envoyée à Arduino: GET_STATUS
2025-03-02 03:04:08 [INFO]: État Arduino mis à jour:
2025-03-02 03:05:17 [INFO]: État Arduino mis à jour:
2025-03-02 03:05:42 [INFO]: Commande envoyée à Arduino: GET_STATUS
2025-03-02 03:05:42 [INFO]: État Arduino mis à jour:
2025-03-02 03:05:49 [INFO]: Commande envoyée à Arduino: GET_STATUS
2025-03-02 03:05:49 [INFO]: État Arduino mis à jour:
2025-03-02 03:06:01 [INFO]: Commande envoyée à Arduino: GET_STATUS
2025-03-02 03:06:01 [INFO]: État Arduino mis à jour:
2025-03-02 03:06:14 [INFO]: Commande envoyée à Arduino: GET_STATUS
2025-03-02 03:06:14 [INFO]: État Arduino mis à jour:
2025-03-02 03:07:14 [INFO]: Commande envoyée à Arduino: GET_STATUS
2025-03-02 03:07:14 [INFO]: État Arduino mis à jour:
2025-03-02 03:08:14 [INFO]: Commande envoyée à Arduino: GET_STATUS
2025-03-02 03:08:14 [INFO]: État Arduino mis à jour:
2025-03-02 03:09:14 [INFO]: Commande envoyée à Arduino: GET_STATUS
2025-03-02 03:09:14 [INFO]: État Arduino mis à jour:
2025-03-02 03:10:14 [INFO]: Commande envoyée à Arduino: GET_STATUS
2025-03-02 03:10:14 [INFO]: État Arduino mis à jour:
2025-03-02 03:11:27 [INFO]: Commande envoyée à Arduino: GET_STATUS
2025-03-02 03:11:27 [INFO]: État Arduino mis à jour:
2025-03-02 03:12:27 [INFO]: Commande envoyée à Arduino: GET_STATUS
2025-03-02 03:12:27 [INFO]: État Arduino mis à jour:
2025-03-02 03:13:27 [INFO]: Commande envoyée à Arduino: GET_STATUS
2025-03-02 03:13:27 [INFO]: État Arduino mis à jour:
2025-03-02 03:14:28 [INFO]: Commande envoyée à Arduino: GET_STATUS
2025-03-02 03:14:28 [INFO]: État Arduino mis à jour:
2025-03-02 03:15:28 [INFO]: Commande envoyée à Arduino: GET_STATUS
2025-03-02 03:15:28 [INFO]: État Arduino mis à jour:
2025-03-02 03:16:29 [INFO]: Commande envoyée à Arduino: GET_STATUS
2025-03-02 03:16:29 [INFO]: État Arduino mis à jour:
2025-03-02 03:17:28 [INFO]: Commande envoyée à Arduino: GET_STATUS
2025-03-02 03:17:28 [INFO]: État Arduino mis à jour:
2025-03-02 03:19:03 [INFO]: Commande envoyée à Arduino: GET_STATUS
2025-03-02 03:19:03 [INFO]: État Arduino mis à jour:
2025-03-02 03:20:03 [INFO]: Commande envoyée à Arduino: GET_STATUS
2025-03-02 03:20:03 [INFO]: État Arduino mis à jour:
2025-03-02 03:21:03 [INFO]: Commande envoyée à Arduino: GET_STATUS
2025-03-02 03:21:03 [INFO]: État Arduino mis à jour:
2025-03-02 03:22:03 [INFO]: Commande envoyée à Arduino: GET_STATUS
2025-03-02 03:22:03 [INFO]: État Arduino mis à jour:
2025-03-02 03:23:03 [INFO]: Commande envoyée à Arduino: GET_STATUS
2025-03-02 03:23:03 [INFO]: État Arduino mis à jour:
2025-03-02 03:37:47 [INFO]: Connexion établie avec Arduino sur /COM5
2025-03-02 03:37:47 [INFO]: Arduino connecté au démarrage du serveur
2025-03-02 03:37:47 [INFO]: Commande envoyée à Arduino: GET_STATUS
2025-03-02 03:38:03 [INFO]: Commande envoyée à Arduino: GET_STATUS
2025-03-02 03:39:03 [INFO]: Commande envoyée à Arduino: GET_STATUS
2025-03-02 03:40:03 [INFO]: Commande envoyée à Arduino: GET_STATUS
2025-03-02 03:41:03 [INFO]: Commande envoyée à Arduino: GET_STATUS
2025-03-02 03:42:03 [INFO]: Commande envoyée à Arduino: GET_STATUS
2025-03-02 03:43:03 [INFO]: Commande envoyée à Arduino: GET_STATUS
2025-03-02 04:51:03 [INFO]: Connexion établie avec Arduino sur /COM5
2025-03-02 04:51:03 [INFO]: Arduino connecté au démarrage du serveur
2025-03-02 04:51:03 [INFO]: Commande envoyée à Arduino: GET_STATUS
2025-03-02 04:51:11 [INFO]: Commande envoyée à Arduino: GET_STATUS
2025-03-02 04:51:20 [INFO]: État Arduino mis à jour:
2025-03-02 04:51:39 [INFO]: Commande envoyée à Arduino: SET_FEEDING_TIME:NaN,NaN,1
2025-03-02 04:51:41 [INFO]: Commande envoyée à Arduino: SET_FEEDING_TIME:NaN,NaN,1
2025-03-02 04:51:41 [INFO]: Commande envoyée à Arduino: SET_FEEDING_TIME:NaN,NaN,1
2025-03-02 04:51:42 [INFO]: Commande envoyée à Arduino: SET_FEEDING_TIME:NaN,NaN,1
2025-03-02 04:51:42 [INFO]: Commande envoyée à Arduino: SET_FEEDING_TIME:NaN,NaN,1
2025-03-02 04:52:10 [INFO]: Commande envoyée à Arduino: SET_FEEDING_TIME:NaN,NaN,1
2025-03-02 04:52:10 [INFO]: Commande envoyée à Arduino: SET_FEEDING_TIME:NaN,NaN,1
2025-03-02 04:52:10 [INFO]: Commande envoyée à Arduino: SET_FEEDING_TIME:NaN,NaN,1
2025-03-02 04:52:10 [INFO]: Commande envoyée à Arduino: SET_FEEDING_TIME:NaN,NaN,1
2025-03-02 04:52:11 [INFO]: Commande envoyée à Arduino: GET_STATUS
2025-03-02 04:52:11 [INFO]: Commande envoyée à Arduino: SET_FEEDING_TIME:NaN,NaN,1
2025-03-02 04:52:11 [INFO]: Commande envoyée à Arduino: SET_FEEDING_TIME:NaN,NaN,1
2025-03-02 04:52:11 [INFO]: État Arduino mis à jour:
2025-03-02 04:52:11 [INFO]: Commande envoyée à Arduino: SET_FEEDING_TIME:NaN,NaN,1
2025-03-02 04:52:12 [INFO]: Commande envoyée à Arduino: SET_FEEDING_TIME:NaN,NaN,1
2025-03-02 04:52:13 [INFO]: Commande envoyée à Arduino: SET_FEEDING_TIME:NaN,NaN,1
2025-03-02 04:52:13 [INFO]: Commande envoyée à Arduino: SET_FEEDING_TIME:NaN,NaN,1
2025-03-02 04:53:04 [INFO]: Commande envoyée à Arduino: GET_STATUS
2025-03-02 04:53:04 [INFO]: État Arduino mis à jour:
2025-03-02 04:53:41 [INFO]: Commande envoyée à Arduino: GET_STATUS
2025-03-02 04:53:42 [INFO]: État Arduino mis à jour:
2025-03-02 04:54:13 [INFO]: Commande envoyée à Arduino: GET_STATUS
2025-03-02 04:54:13 [INFO]: État Arduino mis à jour:
2025-03-02 04:54:55 [INFO]: Commande envoyée à Arduino: SET_FEEDING_TIME:NaN,NaN,1
2025-03-02 04:55:04 [INFO]: Commande envoyée à Arduino: GET_STATUS
2025-03-02 04:55:05 [INFO]: État Arduino mis à jour:
2025-03-02 04:56:05 [INFO]: Commande envoyée à Arduino: GET_STATUS
2025-03-02 04:56:05 [INFO]: État Arduino mis à jour:
2025-03-02 04:57:05 [INFO]: Commande envoyée à Arduino: GET_STATUS
2025-03-02 04:57:05 [INFO]: État Arduino mis à jour:
2025-03-02 04:58:05 [INFO]: Commande envoyée à Arduino: GET_STATUS
2025-03-02 04:58:05 [INFO]: État Arduino mis à jour:
2025-03-02 04:59:05 [INFO]: Commande envoyée à Arduino: GET_STATUS
2025-03-02 04:59:05 [INFO]: État Arduino mis à jour:
2025-03-02 05:01:03 [INFO]: Commande envoyée à Arduino: GET_STATUS
2025-03-02 05:01:03 [INFO]: État Arduino mis à jour:
2025-03-02 05:02:02 [INFO]: Commande envoyée à Arduino: GET_STATUS
2025-03-02 05:02:02 [INFO]: État Arduino mis à jour:
2025-03-02 05:02:03 [INFO]: Commande envoyée à Arduino: GET_STATUS
2025-03-02 05:02:03 [INFO]: État Arduino mis à jour:
2025-03-02 05:02:09 [INFO]: Commande envoyée à Arduino: GET_STATUS
2025-03-02 05:02:09 [INFO]: État Arduino mis à jour:
2025-03-02 05:02:13 [INFO]: Commande envoyée à Arduino: GET_STATUS
2025-03-02 05:02:14 [INFO]: État Arduino mis à jour:
2025-03-02 05:02:31 [INFO]: Commande envoyée à Arduino: GET_STATUS
2025-03-02 05:02:32 [INFO]: État Arduino mis à jour:
2025-03-02 05:02:49 [INFO]: Commande envoyée à Arduino: GET_STATUS
2025-03-02 05:02:50 [INFO]: État Arduino mis à jour:
2025-03-02 05:03:03 [INFO]: Commande envoyée à Arduino: GET_STATUS
2025-03-02 05:03:04 [INFO]: État Arduino mis à jour:
2025-03-02 05:03:51 [INFO]: Commande envoyée à Arduino: GET_STATUS
2025-03-02 05:03:51 [INFO]: État Arduino mis à jour:
2025-03-02 05:03:56 [INFO]: Commande envoyée à Arduino: GET_STATUS
2025-03-02 05:03:56 [INFO]: État Arduino mis à jour:
2025-03-02 05:04:01 [INFO]: Commande envoyée à Arduino: GET_STATUS
2025-03-02 05:04:02 [INFO]: État Arduino mis à jour:
2025-03-02 05:04:17 [INFO]: Commande envoyée à Arduino: GET_STATUS
2025-03-02 05:04:18 [INFO]: État Arduino mis à jour:
2025-03-02 05:04:18 [INFO]: Commande envoyée à Arduino: GET_STATUS
2025-03-02 05:04:19 [INFO]: État Arduino mis à jour:
2025-03-02 05:04:47 [INFO]: Commande envoyée à Arduino: SET_FEEDING_TIME:NaN,NaN,1
2025-03-02 05:04:52 [INFO]: Commande envoyée à Arduino: GET_STATUS
2025-03-02 05:04:52 [INFO]: État Arduino mis à jour:
2025-03-02 05:05:01 [INFO]: Commande envoyée à Arduino: SET_FEEDING_TIME:NaN,NaN,1
2025-03-02 05:05:03 [INFO]: Commande envoyée à Arduino: GET_STATUS
2025-03-02 05:05:04 [INFO]: État Arduino mis à jour:
2025-03-02 05:06:04 [INFO]: Commande envoyée à Arduino: GET_STATUS
2025-03-02 05:06:04 [INFO]: État Arduino mis à jour:
2025-03-02 05:07:03 [INFO]: Commande envoyée à Arduino: GET_STATUS
2025-03-02 05:07:04 [INFO]: État Arduino mis à jour:
2025-03-02 05:08:03 [INFO]: Commande envoyée à Arduino: GET_STATUS
2025-03-02 05:08:04 [INFO]: État Arduino mis à jour:
2025-03-02 05:09:03 [INFO]: Commande envoyée à Arduino: GET_STATUS
2025-03-02 05:09:04 [INFO]: État Arduino mis à jour:
2025-03-02 05:09:42 [INFO]: Commande envoyée à Arduino: GET_STATUS
2025-03-02 05:09:42 [INFO]: État Arduino mis à jour:
2025-03-02 05:10:42 [INFO]: Commande envoyée à Arduino: GET_STATUS
2025-03-02 05:10:42 [INFO]: État Arduino mis à jour:
2025-03-02 05:11:42 [INFO]: Commande envoyée à Arduino: GET_STATUS
2025-03-02 05:11:42 [INFO]: État Arduino mis à jour:
2025-03-02 05:12:42 [INFO]: Commande envoyée à Arduino: GET_STATUS
2025-03-02 05:12:42 [INFO]: État Arduino mis à jour:
2025-03-02 05:13:42 [INFO]: Commande envoyée à Arduino: GET_STATUS
2025-03-02 05:13:42 [INFO]: État Arduino mis à jour:
2025-03-02 05:15:03 [INFO]: Commande envoyée à Arduino: GET_STATUS
2025-03-02 05:15:03 [INFO]: État Arduino mis à jour:
2025-03-02 05:16:03 [INFO]: Commande envoyée à Arduino: GET_STATUS
2025-03-02 05:16:04 [INFO]: État Arduino mis à jour:
2025-03-02 05:17:03 [INFO]: Commande envoyée à Arduino: GET_STATUS
2025-03-02 05:17:03 [INFO]: État Arduino mis à jour:
2025-03-02 05:18:03 [INFO]: Commande envoyée à Arduino: GET_STATUS
2025-03-02 05:18:03 [INFO]: État Arduino mis à jour:
2025-03-02 05:19:03 [INFO]: Commande envoyée à Arduino: GET_STATUS
2025-03-02 05:19:03 [INFO]: État Arduino mis à jour:
2025-03-02 05:20:03 [INFO]: Commande envoyée à Arduino: GET_STATUS
2025-03-02 05:20:03 [INFO]: État Arduino mis à jour:
2025-03-02 05:21:03 [INFO]: Commande envoyée à Arduino: GET_STATUS
2025-03-02 05:21:03 [INFO]: État Arduino mis à jour:
2025-03-02 05:22:03 [INFO]: Commande envoyée à Arduino: GET_STATUS
2025-03-02 05:22:04 [INFO]: État Arduino mis à jour:
2025-03-02 05:23:03 [INFO]: Commande envoyée à Arduino: GET_STATUS
2025-03-02 05:23:03 [INFO]: État Arduino mis à jour:
2025-03-02 05:24:03 [INFO]: Commande envoyée à Arduino: GET_STATUS
2025-03-02 05:24:03 [INFO]: État Arduino mis à jour:
2025-03-02 05:25:03 [INFO]: Commande envoyée à Arduino: GET_STATUS
2025-03-02 05:25:03 [INFO]: État Arduino mis à jour:
2025-03-02 05:26:03 [INFO]: Commande envoyée à Arduino: GET_STATUS
2025-03-02 05:26:03 [INFO]: État Arduino mis à jour:
2025-03-02 05:27:03 [INFO]: Commande envoyée à Arduino: GET_STATUS
2025-03-02 05:27:03 [INFO]: État Arduino mis à jour:
2025-03-02 05:28:03 [INFO]: Commande envoyée à Arduino: GET_STATUS
2025-03-02 05:28:03 [INFO]: État Arduino mis à jour:
2025-03-02 05:28:48 [INFO]: Connexion établie avec Arduino sur /COM5
2025-03-02 05:28:48 [INFO]: Arduino connecté au démarrage du serveur
2025-03-02 05:28:48 [INFO]: Commande envoyée à Arduino: GET_STATUS
2025-03-02 05:28:48 [INFO]: État synchronisé avec l'Arduino
2025-03-02 05:28:57 [INFO]: État Arduino mis à jour:
2025-03-02 05:36:29 [INFO]: Connexion établie avec Arduino sur /COM5
2025-03-02 05:36:29 [INFO]: Arduino connecté au démarrage du serveur
2025-03-02 05:36:29 [INFO]: Commande envoyée à Arduino: GET_STATUS
2025-03-02 05:36:29 [INFO]: État synchronisé avec l'Arduino
2025-03-02 05:36:39 [INFO]: État Arduino mis à jour:
2025-03-02 05:49:05 [INFO]: Connexion établie avec Arduino sur /COM5
2025-03-02 05:49:05 [INFO]: Arduino connecté au démarrage du serveur
2025-03-02 05:49:05 [INFO]: Commande envoyée à Arduino: GET_STATUS
2025-03-02 05:49:05 [INFO]: État synchronisé avec l'Arduino
2025-03-02 05:49:05 [INFO]: Commande envoyée à Arduino: GET_STATUS
2025-03-02 05:49:14 [INFO]: État Arduino mis à jour:
2025-03-02 05:50:03 [INFO]: Commande envoyée à Arduino: GET_STATUS
2025-03-02 05:50:04 [INFO]: État Arduino mis à jour:
2025-03-02 05:51:03 [INFO]: Commande envoyée à Arduino: GET_STATUS
2025-03-02 05:51:03 [INFO]: État Arduino mis à jour:
2025-03-02 05:52:03 [INFO]: Commande envoyée à Arduino: GET_STATUS
2025-03-02 05:52:04 [INFO]: État Arduino mis à jour:
2025-03-02 05:53:03 [INFO]: Commande envoyée à Arduino: GET_STATUS
2025-03-02 05:53:04 [INFO]: État Arduino mis à jour:
2025-03-02 05:54:03 [INFO]: Commande envoyée à Arduino: GET_STATUS
2025-03-02 05:54:03 [INFO]: État Arduino mis à jour:
2025-03-02 05:55:03 [INFO]: Commande envoyée à Arduino: GET_STATUS
2025-03-02 05:55:03 [INFO]: État Arduino mis à jour:
2025-03-02 05:56:03 [INFO]: Commande envoyée à Arduino: GET_STATUS
2025-03-02 05:56:03 [INFO]: État Arduino mis à jour:
2025-03-02 05:57:03 [INFO]: Commande envoyée à Arduino: GET_STATUS
2025-03-02 05:57:03 [INFO]: État Arduino mis à jour:
2025-03-02 05:58:03 [INFO]: Commande envoyée à Arduino: GET_STATUS
2025-03-02 05:58:03 [INFO]: État Arduino mis à jour:
2025-03-02 05:59:03 [INFO]: Commande envoyée à Arduino: GET_STATUS
2025-03-02 05:59:03 [INFO]: État Arduino mis à jour:
2025-03-02 06:00:03 [INFO]: Commande envoyée à Arduino: GET_STATUS
2025-03-02 06:00:03 [INFO]: État Arduino mis à jour:
2025-03-02 06:01:03 [INFO]: Commande envoyée à Arduino: GET_STATUS
2025-03-02 06:01:03 [INFO]: État Arduino mis à jour:
2025-03-02 06:02:03 [INFO]: Commande envoyée à Arduino: GET_STATUS
2025-03-02 06:02:03 [INFO]: État Arduino mis à jour:
2025-03-02 06:03:03 [INFO]: Commande envoyée à Arduino: GET_STATUS
2025-03-02 06:03:03 [INFO]: État Arduino mis à jour:
2025-03-02 06:04:03 [INFO]: Commande envoyée à Arduino: GET_STATUS
2025-03-02 06:04:03 [INFO]: État Arduino mis à jour:
2025-03-02 06:05:05 [INFO]: Commande envoyée à Arduino: GET_STATUS
2025-03-02 06:05:06 [INFO]: État Arduino mis à jour:
2025-03-02 06:05:18 [INFO]: Commande envoyée à Arduino: GET_STATUS
2025-03-02 06:05:19 [INFO]: État Arduino mis à jour:
2025-03-02 06:05:24 [INFO]: Commande envoyée à Arduino: GET_STATUS
2025-03-02 06:05:24 [INFO]: État Arduino mis à jour:
2025-03-02 06:05:33 [INFO]: Commande envoyée à Arduino: SET_FEEDING_TIME:NaN,NaN,1
2025-03-02 06:05:36 [INFO]: Commande envoyée à Arduino: GET_STATUS
2025-03-02 06:05:36 [INFO]: État Arduino mis à jour:
2025-03-02 06:05:41 [INFO]: Commande envoyée à Arduino: START_WATER
2025-03-02 06:05:44 [INFO]: Commande envoyée à Arduino: START_WATER
2025-03-02 06:05:46 [INFO]: Commande envoyée à Arduino: START_WATER
2025-03-02 06:05:46 [INFO]: État Arduino mis à jour:
2025-03-02 06:05:48 [INFO]: Commande envoyée à Arduino: START_WATER
2025-03-02 06:05:51 [INFO]: État Arduino mis à jour:
2025-03-02 06:05:57 [INFO]: État Arduino mis à jour:
2025-03-02 06:05:59 [INFO]: Commande envoyée à Arduino: START_WATER
2025-03-02 06:06:02 [INFO]: État Arduino mis à jour:
2025-03-02 06:06:08 [INFO]: État Arduino mis à jour:
2025-03-02 06:23:04 [INFO]: Commande envoyée à Arduino: START_WATER
2025-03-02 06:23:09 [INFO]: État Arduino mis à jour:
2025-03-02 06:23:20 [INFO]: Commande envoyée à Arduino: START_WATER
2025-03-02 06:23:22 [INFO]: Commande envoyée à Arduino: START_WATER
2025-03-02 06:23:24 [INFO]: Commande envoyée à Arduino: START_WATER
2025-03-02 06:23:25 [INFO]: Commande envoyée à Arduino: START_WATER
2025-03-02 06:23:25 [INFO]: Commande envoyée à Arduino: START_WATER
2025-03-02 06:23:26 [INFO]: Commande envoyée à Arduino: START_WATER
2025-03-02 06:23:26 [INFO]: État Arduino mis à jour:
2025-03-02 06:23:28 [INFO]: Commande envoyée à Arduino: START_WATER
2025-03-02 06:23:31 [INFO]: État Arduino mis à jour:
2025-03-02 06:23:37 [INFO]: État Arduino mis à jour:
2025-03-02 06:23:42 [INFO]: État Arduino mis à jour:
2025-03-02 06:23:47 [INFO]: État Arduino mis à jour:
2025-03-02 06:23:53 [INFO]: État Arduino mis à jour:
2025-03-02 06:23:58 [INFO]: État Arduino mis à jour:
2025-03-02 06:38:58 [INFO]: Commande envoyée à Arduino: GET_STATUS
2025-03-02 06:38:59 [INFO]: État Arduino mis à jour:
2025-03-02 06:39:10 [INFO]: Commande envoyée à Arduino: SET_FEEDING_TIME:NaN,NaN,1
2025-03-02 06:39:12 [INFO]: Commande envoyée à Arduino: GET_STATUS
2025-03-02 06:39:12 [INFO]: État Arduino mis à jour:
2025-03-02 06:39:17 [INFO]: Commande envoyée à Arduino: START_FEEDING
2025-03-02 06:39:23 [INFO]: État Arduino mis à jour:
2025-03-02 06:39:30 [INFO]: Commande envoyée à Arduino: STOP_FEEDING
2025-03-02 06:39:31 [INFO]: État Arduino mis à jour:
2025-03-02 06:39:35 [INFO]: Commande envoyée à Arduino: GET_STATUS
2025-03-02 06:39:35 [INFO]: État Arduino mis à jour:
2025-03-02 06:39:44 [INFO]: Commande envoyée à Arduino: SET_FEEDING_TIME:NaN,NaN,1
2025-03-02 06:39:45 [INFO]: Commande envoyée à Arduino: GET_STATUS
2025-03-02 06:39:46 [INFO]: État Arduino mis à jour:
2025-03-02 06:39:53 [INFO]: Commande envoyée à Arduino: START_WATER
2025-03-02 06:39:55 [INFO]: Commande envoyée à Arduino: START_WATER
2025-03-02 06:39:58 [INFO]: Commande envoyée à Arduino: START_WATER
2025-03-02 06:39:58 [INFO]: État Arduino mis à jour:
2025-03-02 06:39:58 [INFO]: Commande envoyée à Arduino: START_WATER
2025-03-02 06:40:03 [INFO]: État Arduino mis à jour:
2025-03-02 06:40:09 [INFO]: État Arduino mis à jour:
2025-03-02 06:40:14 [INFO]: État Arduino mis à jour:
2025-03-02 06:48:45 [INFO]: Commande envoyée à Arduino: GET_STATUS
2025-03-02 06:48:45 [INFO]: État Arduino mis à jour:
2025-03-02 06:48:53 [INFO]: Commande envoyée à Arduino: SET_FEEDING_TIME:NaN,NaN,1
2025-03-02 06:48:55 [INFO]: Commande envoyée à Arduino: GET_STATUS
2025-03-02 06:48:55 [INFO]: État Arduino mis à jour:
2025-03-02 06:49:04 [INFO]: Commande envoyée à Arduino: GET_STATUS
2025-03-02 06:49:04 [INFO]: État Arduino mis à jour:
2025-03-02 06:50:04 [INFO]: Commande envoyée à Arduino: GET_STATUS
2025-03-02 06:50:04 [INFO]: État Arduino mis à jour:
2025-03-02 06:51:04 [INFO]: Commande envoyée à Arduino: GET_STATUS
2025-03-02 06:51:04 [INFO]: État Arduino mis à jour:
2025-03-02 06:52:04 [INFO]: Commande envoyée à Arduino: GET_STATUS
2025-03-02 06:52:04 [INFO]: État Arduino mis à jour:
2025-03-02 06:53:04 [INFO]: Commande envoyée à Arduino: GET_STATUS
2025-03-02 06:53:04 [INFO]: État Arduino mis à jour:
2025-03-02 06:55:03 [INFO]: Commande envoyée à Arduino: GET_STATUS
2025-03-02 06:55:03 [INFO]: État Arduino mis à jour:
2025-03-02 06:56:30 [INFO]: Connexion établie avec Arduino sur /COM5
2025-03-02 06:56:30 [INFO]: Arduino connecté au démarrage du serveur
2025-03-02 06:56:30 [INFO]: Commande envoyée à Arduino: GET_STATUS
2025-03-02 06:56:30 [INFO]: État synchronisé avec l'Arduino
2025-03-02 06:56:35 [INFO]: Commande envoyée à Arduino: GET_STATUS
2025-03-02 06:56:37 [INFO]: Commande envoyée à Arduino: GET_STATUS
2025-03-02 06:56:47 [INFO]: Commande envoyée à Arduino: SET_FEEDING_TIME:NaN,NaN,1
2025-03-02 06:56:49 [INFO]: Commande envoyée à Arduino: GET_STATUS
2025-03-02 06:56:49 [INFO]: État Arduino mis à jour:
2025-03-02 06:56:56 [INFO]: Commande envoyée à Arduino: START_WATER
2025-03-02 06:56:56 [INFO]: État Arduino mis à jour:
2025-03-02 06:56:57 [INFO]: État Arduino mis à jour:
2025-03-02 06:56:59 [INFO]: Commande envoyée à Arduino: START_WATER
2025-03-02 06:57:00 [INFO]: État Arduino mis à jour:
2025-03-02 06:57:00 [INFO]: État Arduino mis à jour:
2025-03-02 06:57:01 [INFO]: Commande envoyée à Arduino: START_WATER
2025-03-02 06:57:02 [INFO]: État Arduino mis à jour:
2025-03-02 06:57:02 [INFO]: État Arduino mis à jour:
2025-03-02 06:57:03 [INFO]: Commande envoyée à Arduino: START_WATER
2025-03-02 06:57:04 [INFO]: État Arduino mis à jour:
2025-03-02 06:57:04 [INFO]: État Arduino mis à jour:
2025-03-02 07:02:21 [INFO]: Connexion établie avec Arduino sur /COM5
2025-03-02 07:02:21 [INFO]: Arduino connecté au démarrage du serveur
2025-03-02 07:02:21 [INFO]: Commande envoyée à Arduino: GET_STATUS
2025-03-02 07:02:21 [INFO]: État synchronisé avec l'Arduino
2025-03-02 07:02:31 [INFO]: État Arduino mis à jour:
2025-03-02 07:03:10 [INFO]: Connexion établie avec Arduino sur /COM5
2025-03-02 07:03:10 [INFO]: Arduino connecté au démarrage du serveur
2025-03-02 07:03:10 [INFO]: Commande envoyée à Arduino: GET_STATUS
2025-03-02 07:03:10 [INFO]: État synchronisé avec l'Arduino
2025-03-02 07:03:19 [INFO]: État Arduino mis à jour:
2025-03-02 07:03:24 [INFO]: Commande envoyée à Arduino: START_FEEDING
2025-03-02 07:03:25 [INFO]: État Arduino mis à jour:
2025-03-02 07:03:25 [INFO]: État Arduino mis à jour:
2025-03-02 07:03:29 [INFO]: Commande envoyée à Arduino: STOP_FEEDING
2025-03-02 07:03:29 [INFO]: État Arduino mis à jour:
2025-03-02 07:03:30 [INFO]: Commande envoyée à Arduino: START_FEEDING
2025-03-02 07:03:30 [INFO]: État Arduino mis à jour:
2025-03-02 07:03:30 [INFO]: État Arduino mis à jour:
2025-03-02 07:03:32 [INFO]: Commande envoyée à Arduino: STOP_FEEDING
2025-03-02 07:03:32 [INFO]: État Arduino mis à jour:
2025-03-02 07:03:41 [INFO]: Connexion établie avec Arduino sur /COM5
2025-03-02 07:03:41 [INFO]: Arduino connecté au démarrage du serveur
2025-03-02 07:03:41 [INFO]: Commande envoyée à Arduino: GET_STATUS
2025-03-02 07:03:41 [INFO]: État synchronisé avec l'Arduino
2025-03-02 07:03:50 [INFO]: État Arduino mis à jour:
2025-03-02 07:04:26 [INFO]: Connexion établie avec Arduino sur /COM5
2025-03-02 07:04:26 [INFO]: Arduino connecté au démarrage du serveur
2025-03-02 07:04:26 [INFO]: Commande envoyée à Arduino: GET_STATUS
2025-03-02 07:04:26 [INFO]: État synchronisé avec l'Arduino
2025-03-02 07:04:35 [INFO]: État Arduino mis à jour:
2025-03-02 07:04:40 [INFO]: Connexion établie avec Arduino sur /COM5
2025-03-02 07:04:40 [INFO]: Arduino connecté au démarrage du serveur
2025-03-02 07:04:40 [INFO]: Commande envoyée à Arduino: GET_STATUS
2025-03-02 07:04:40 [INFO]: État synchronisé avec l'Arduino
2025-03-02 07:04:49 [INFO]: État Arduino mis à jour:
2025-03-02 07:08:28 [INFO]: Connexion établie avec Arduino sur /COM5
2025-03-02 07:08:28 [INFO]: Arduino connecté au démarrage du serveur
2025-03-02 07:08:28 [INFO]: Commande envoyée à Arduino: GET_STATUS
2025-03-02 07:08:28 [INFO]: État synchronisé avec l'Arduino
2025-03-02 07:08:36 [INFO]: Commande envoyée à Arduino: START_FEEDING
2025-03-02 07:08:39 [INFO]: Commande envoyée à Arduino: STOP_FEEDING
2025-03-02 07:08:41 [INFO]: Commande envoyée à Arduino: START_FEEDING
2025-03-02 07:08:45 [INFO]: Commande envoyée à Arduino: STOP_FEEDING
2025-03-02 07:08:54 [INFO]: État Arduino mis à jour:
2025-03-02 07:09:03 [INFO]: Commande envoyée à Arduino: START_WATER
2025-03-02 07:09:04 [INFO]: État Arduino mis à jour:
2025-03-02 07:09:05 [INFO]: État Arduino mis à jour:
2025-03-02 07:09:41 [INFO]: Connexion établie avec Arduino sur /COM5
2025-03-02 07:09:41 [INFO]: Arduino connecté au démarrage du serveur
2025-03-02 07:09:41 [INFO]: Commande envoyée à Arduino: GET_STATUS
2025-03-02 07:09:41 [INFO]: État synchronisé avec l'Arduino
2025-03-02 07:09:49 [INFO]: Commande envoyée à Arduino: START_WATER
2025-03-02 07:09:53 [INFO]: Commande envoyée à Arduino: STOP_WATER
2025-03-02 07:09:56 [INFO]: Commande envoyée à Arduino: START_WATER
2025-03-02 07:10:05 [INFO]: État Arduino mis à jour:
2025-03-02 07:10:15 [INFO]: Commande envoyée à Arduino: STOP_WATER
2025-03-02 07:10:16 [INFO]: État Arduino mis à jour:
2025-03-02 07:10:18 [INFO]: Commande envoyée à Arduino: START_FEEDING
2025-03-02 07:10:19 [INFO]: État Arduino mis à jour:
2025-03-02 07:10:19 [INFO]: État Arduino mis à jour:
2025-03-02 07:10:25 [INFO]: Commande envoyée à Arduino: STOP_FEEDING
2025-03-02 07:10:25 [INFO]: État Arduino mis à jour:
2025-03-02 07:10:28 [INFO]: Commande envoyée à Arduino: START_WATER
2025-03-02 07:10:29 [INFO]: État Arduino mis à jour:
2025-03-02 07:10:30 [INFO]: État Arduino mis à jour:
2025-03-02 07:11:10 [INFO]: Commande envoyée à Arduino: STOP_WATER
2025-03-02 07:11:10 [INFO]: État Arduino mis à jour:
2025-03-02 07:11:10 [INFO]: Commande envoyée à Arduino: START_WATER
2025-03-02 07:11:11 [INFO]: État Arduino mis à jour:
2025-03-02 07:11:12 [INFO]: État Arduino mis à jour:
2025-03-02 07:11:13 [INFO]: Commande envoyée à Arduino: STOP_WATER
2025-03-02 07:11:14 [INFO]: État Arduino mis à jour:
2025-03-02 07:11:15 [INFO]: Commande envoyée à Arduino: START_WATER
2025-03-02 07:11:16 [INFO]: État Arduino mis à jour:
2025-03-02 07:11:16 [INFO]: État Arduino mis à jour:
2025-03-02 07:11:17 [INFO]: Commande envoyée à Arduino: STOP_WATER
2025-03-02 07:11:18 [INFO]: État Arduino mis à jour:
2025-03-02 07:11:18 [INFO]: Commande envoyée à Arduino: START_WATER
2025-03-02 07:11:19 [INFO]: État Arduino mis à jour:
2025-03-02 07:11:20 [INFO]: État Arduino mis à jour:
2025-03-02 07:11:20 [INFO]: Commande envoyée à Arduino: STOP_WATER
2025-03-02 07:11:21 [INFO]: État Arduino mis à jour:
2025-03-02 07:11:40 [INFO]: Commande envoyée à Arduino: START_WATER
2025-03-02 07:11:40 [INFO]: État Arduino mis à jour:
2025-03-02 07:11:41 [INFO]: État Arduino mis à jour:
2025-03-02 07:11:57 [INFO]: Commande envoyée à Arduino: STOP_WATER
2025-03-02 07:11:57 [INFO]: État Arduino mis à jour:
2025-03-02 07:41:08 [WARN]: Connexion Arduino fermée
2025-03-02 07:41:08 [WARN]: Arduino déconnecté
2025-03-02 07:41:08 [INFO]: Tentative de reconnexion 1/5 dans 5s...
2025-03-02 07:41:14 [ERROR]: Erreur de connexion Arduino: Opening /COM5: File not found
2025-03-02 07:41:14 [ERROR]: Erreur Arduino: Opening /COM5: File not found
2025-03-02 07:41:14 [INFO]: Tentative de reconnexion 2/5 dans 5s...
2025-03-02 12:53:56 [ERROR]: Erreur de connexion Arduino: Opening /COM5: File not found
2025-03-02 12:53:56 [ERROR]: Erreur Arduino: Opening /COM5: File not found
2025-03-02 12:53:56 [INFO]: Tentative de reconnexion 1/5 dans 5s...
2025-03-02 12:54:01 [ERROR]: Erreur de connexion Arduino: Opening /COM5: File not found
2025-03-02 12:54:01 [ERROR]: Erreur Arduino: Opening /COM5: File not found
2025-03-02 12:54:01 [INFO]: Tentative de reconnexion 2/5 dans 5s...
2025-03-02 12:54:06 [ERROR]: Erreur de connexion Arduino: Opening /COM5: File not found
2025-03-02 12:54:07 [ERROR]: Erreur Arduino: Opening /COM5: File not found
2025-03-02 12:54:07 [INFO]: Tentative de reconnexion 3/5 dans 5s...
2025-03-02 12:54:12 [ERROR]: Erreur de connexion Arduino: Opening /COM5: File not found
2025-03-02 12:54:12 [ERROR]: Erreur Arduino: Opening /COM5: File not found
2025-03-02 12:54:12 [INFO]: Tentative de reconnexion 4/5 dans 5s...
2025-03-02 12:54:17 [ERROR]: Erreur de connexion Arduino: Opening /COM5: File not found
2025-03-02 12:54:17 [ERROR]: Erreur Arduino: Opening /COM5: File not found
2025-03-02 12:54:17 [INFO]: Tentative de reconnexion 5/5 dans 5s...
2025-03-02 12:54:22 [ERROR]: Erreur de connexion Arduino: Opening /COM5: File not found
2025-03-02 12:54:22 [ERROR]: Erreur Arduino: Opening /COM5: File not found
2025-03-02 12:54:22 [ERROR]: Nombre maximum de tentatives de reconnexion atteint
2025-03-02 12:59:58 [INFO]: Connexion établie avec Arduino sur /COM5
2025-03-02 12:59:58 [INFO]: Arduino connecté au démarrage du serveur
2025-03-02 12:59:58 [INFO]: Commande envoyée à Arduino: GET_STATUS
2025-03-02 12:59:58 [INFO]: État synchronisé avec l'Arduino
2025-03-02 13:00:07 [INFO]: État Arduino mis à jour:
2025-03-02 13:00:23 [INFO]: Connexion établie avec Arduino sur /COM5
2025-03-02 13:00:23 [INFO]: Arduino connecté au démarrage du serveur
2025-03-02 13:00:23 [INFO]: Commande envoyée à Arduino: GET_STATUS
2025-03-02 13:00:23 [INFO]: État synchronisé avec l'Arduino
2025-03-02 13:00:29 [INFO]: Connexion établie avec Arduino sur /COM5
2025-03-02 13:00:29 [INFO]: Arduino connecté au démarrage du serveur
2025-03-02 13:00:30 [INFO]: Commande envoyée à Arduino: GET_STATUS
2025-03-02 13:00:30 [INFO]: État synchronisé avec l'Arduino
2025-03-02 13:00:33 [INFO]: Connexion établie avec Arduino sur /COM5
2025-03-02 13:00:33 [INFO]: Arduino connecté au démarrage du serveur
2025-03-02 13:00:33 [INFO]: Commande envoyée à Arduino: GET_STATUS
2025-03-02 13:00:33 [INFO]: État synchronisé avec l'Arduino
2025-03-02 13:00:42 [INFO]: État Arduino mis à jour:
2025-03-02 13:00:46 [INFO]: Connexion établie avec Arduino sur /COM5
2025-03-02 13:00:46 [INFO]: Arduino connecté au démarrage du serveur
2025-03-02 13:00:46 [INFO]: Commande envoyée à Arduino: GET_STATUS
2025-03-02 13:00:46 [INFO]: État synchronisé avec l'Arduino
2025-03-02 13:00:50 [INFO]: Connexion établie avec Arduino sur /COM5
2025-03-02 13:00:50 [INFO]: Arduino connecté au démarrage du serveur
2025-03-02 13:00:50 [INFO]: Commande envoyée à Arduino: GET_STATUS
2025-03-02 13:00:50 [INFO]: État synchronisé avec l'Arduino
2025-03-02 13:00:53 [INFO]: Connexion établie avec Arduino sur /COM5
2025-03-02 13:00:53 [INFO]: Arduino connecté au démarrage du serveur
2025-03-02 13:00:53 [INFO]: Commande envoyée à Arduino: GET_STATUS
2025-03-02 13:00:53 [INFO]: État synchronisé avec l'Arduino
2025-03-02 13:00:57 [INFO]: Connexion établie avec Arduino sur /COM5
2025-03-02 13:00:57 [INFO]: Arduino connecté au démarrage du serveur
2025-03-02 13:00:57 [INFO]: Commande envoyée à Arduino: GET_STATUS
2025-03-02 13:00:57 [INFO]: État synchronisé avec l'Arduino
2025-03-02 13:01:00 [INFO]: Connexion établie avec Arduino sur /COM5
2025-03-02 13:01:00 [INFO]: Arduino connecté au démarrage du serveur
2025-03-02 13:01:00 [INFO]: Commande envoyée à Arduino: GET_STATUS
2025-03-02 13:01:00 [INFO]: État synchronisé avec l'Arduino
2025-03-02 13:01:01 [INFO]: Commande envoyée à Arduino: GET_STATUS
2025-03-02 13:01:04 [INFO]: Connexion établie avec Arduino sur /COM5
2025-03-02 13:01:04 [INFO]: Arduino connecté au démarrage du serveur
2025-03-02 13:01:04 [INFO]: Commande envoyée à Arduino: GET_STATUS
2025-03-02 13:01:04 [INFO]: État synchronisé avec l'Arduino
2025-03-02 13:01:11 [INFO]: Connexion établie avec Arduino sur /COM5
2025-03-02 13:01:11 [INFO]: Arduino connecté au démarrage du serveur
2025-03-02 13:01:11 [INFO]: Commande envoyée à Arduino: GET_STATUS
2025-03-02 13:01:11 [INFO]: État synchronisé avec l'Arduino
2025-03-02 13:01:20 [INFO]: État Arduino mis à jour:
2025-03-02 13:02:08 [INFO]: Connexion établie avec Arduino sur /COM5
2025-03-02 13:02:08 [INFO]: Arduino connecté au démarrage du serveur
2025-03-02 13:02:08 [INFO]: Commande envoyée à Arduino: GET_STATUS
2025-03-02 13:02:08 [INFO]: État synchronisé avec l'Arduino
2025-03-02 13:02:18 [INFO]: Connexion établie avec Arduino sur /COM5
2025-03-02 13:02:18 [INFO]: Arduino connecté au démarrage du serveur
2025-03-02 13:02:18 [INFO]: Commande envoyée à Arduino: GET_STATUS
2025-03-02 13:02:18 [INFO]: État synchronisé avec l'Arduino
2025-03-02 13:02:20 [INFO]: Connexion établie avec Arduino sur /COM5
2025-03-02 13:02:20 [INFO]: Arduino connecté au démarrage du serveur
2025-03-02 13:02:20 [INFO]: Commande envoyée à Arduino: GET_STATUS
2025-03-02 13:02:20 [INFO]: État synchronisé avec l'Arduino
2025-03-02 13:02:24 [INFO]: Connexion établie avec Arduino sur /COM5
2025-03-02 13:02:24 [INFO]: Arduino connecté au démarrage du serveur
2025-03-02 13:02:24 [INFO]: Commande envoyée à Arduino: GET_STATUS
2025-03-02 13:02:24 [INFO]: État synchronisé avec l'Arduino
2025-03-02 13:02:33 [INFO]: État Arduino mis à jour:
2025-03-02 13:03:01 [INFO]: Commande envoyée à Arduino: GET_STATUS
2025-03-02 13:03:01 [INFO]: État Arduino mis à jour:
2025-03-02 13:04:01 [INFO]: Commande envoyée à Arduino: GET_STATUS
2025-03-02 13:04:02 [INFO]: État Arduino mis à jour:
2025-03-02 13:05:01 [INFO]: Commande envoyée à Arduino: GET_STATUS
2025-03-02 13:05:01 [INFO]: État Arduino mis à jour:
2025-03-02 13:06:01 [INFO]: Commande envoyée à Arduino: GET_STATUS
2025-03-02 13:06:01 [INFO]: État Arduino mis à jour:
2025-03-02 13:07:01 [INFO]: Commande envoyée à Arduino: GET_STATUS
2025-03-02 13:07:01 [INFO]: État Arduino mis à jour:
2025-03-02 13:07:18 [INFO]: Connexion établie avec Arduino sur /COM5
2025-03-02 13:07:18 [INFO]: Arduino connecté au démarrage du serveur
2025-03-02 13:07:18 [INFO]: Commande envoyée à Arduino: GET_STATUS
2025-03-02 13:07:18 [INFO]: État synchronisé avec l'Arduino
2025-03-02 13:07:27 [INFO]: État Arduino mis à jour:
2025-03-02 13:08:01 [INFO]: Commande envoyée à Arduino: GET_STATUS
2025-03-02 13:08:01 [INFO]: État Arduino mis à jour:
2025-03-02 13:09:01 [INFO]: Commande envoyée à Arduino: GET_STATUS
2025-03-02 13:09:01 [INFO]: État Arduino mis à jour:
2025-03-02 13:10:01 [INFO]: Commande envoyée à Arduino: GET_STATUS
2025-03-02 13:10:01 [INFO]: État Arduino mis à jour:
2025-03-02 13:11:01 [INFO]: Commande envoyée à Arduino: GET_STATUS
2025-03-02 13:11:01 [INFO]: État Arduino mis à jour:
2025-03-02 13:12:01 [INFO]: Commande envoyée à Arduino: GET_STATUS
2025-03-02 13:12:01 [INFO]: État Arduino mis à jour:
2025-03-02 13:13:00 [INFO]: Connexion établie avec Arduino sur /COM5
2025-03-02 13:13:00 [INFO]: Arduino connecté au démarrage du serveur
2025-03-02 13:13:00 [INFO]: Commande envoyée à Arduino: GET_STATUS
2025-03-02 13:13:00 [INFO]: État synchronisé avec l'Arduino
2025-03-02 13:13:01 [INFO]: Commande envoyée à Arduino: GET_STATUS
2025-03-02 13:14:01 [INFO]: Commande envoyée à Arduino: GET_STATUS
2025-03-02 13:15:01 [INFO]: Commande envoyée à Arduino: GET_STATUS
2025-03-02 13:16:01 [INFO]: Commande envoyée à Arduino: GET_STATUS
2025-03-02 13:17:01 [INFO]: Commande envoyée à Arduino: GET_STATUS
2025-03-02 13:17:36 [INFO]: Commande envoyée à Arduino: GET_STATUS
2025-03-02 13:17:42 [INFO]: Commande envoyée à Arduino: GET_STATUS
2025-03-02 13:18:40 [INFO]: Commande envoyée à Arduino: GET_STATUS
2025-03-02 13:19:39 [INFO]: Commande envoyée à Arduino: GET_STATUS
2025-03-02 13:20:40 [INFO]: Commande envoyée à Arduino: GET_STATUS
2025-03-02 13:21:40 [INFO]: Commande envoyée à Arduino: GET_STATUS
2025-03-02 13:22:20 [INFO]: Connexion établie avec Arduino sur /COM5
2025-03-02 13:22:20 [INFO]: Arduino connecté au démarrage du serveur
2025-03-02 13:22:20 [INFO]: Commande envoyée à Arduino: GET_STATUS
2025-03-02 13:22:20 [INFO]: État synchronisé avec l'Arduino
2025-03-02 13:23:01 [INFO]: Commande envoyée à Arduino: GET_STATUS
2025-03-02 13:23:22 [INFO]: Connexion établie avec Arduino sur /COM5
2025-03-02 13:23:22 [INFO]: Arduino connecté au démarrage du serveur
2025-03-02 13:23:22 [INFO]: Commande envoyée à Arduino: GET_STATUS
2025-03-02 13:23:22 [INFO]: État synchronisé avec l'Arduino
2025-03-02 13:23:31 [INFO]: État Arduino mis à jour:
2025-03-02 13:24:01 [INFO]: Commande envoyée à Arduino: GET_STATUS
2025-03-02 13:24:01 [INFO]: État Arduino mis à jour:
2025-03-02 13:25:01 [INFO]: Commande envoyée à Arduino: GET_STATUS
2025-03-02 13:25:01 [INFO]: État Arduino mis à jour:
2025-03-02 13:26:01 [INFO]: Commande envoyée à Arduino: GET_STATUS
2025-03-02 13:26:01 [INFO]: État Arduino mis à jour:
2025-03-02 13:27:01 [INFO]: Commande envoyée à Arduino: GET_STATUS
2025-03-02 13:27:01 [INFO]: État Arduino mis à jour:
2025-03-02 13:28:01 [INFO]: Commande envoyée à Arduino: GET_STATUS
2025-03-02 13:28:01 [INFO]: État Arduino mis à jour:
2025-03-02 13:29:01 [INFO]: Commande envoyée à Arduino: GET_STATUS
2025-03-02 13:29:01 [INFO]: État Arduino mis à jour:
2025-03-02 13:30:01 [INFO]: Commande envoyée à Arduino: GET_STATUS
2025-03-02 13:30:01 [INFO]: État Arduino mis à jour:
2025-03-02 13:31:01 [INFO]: Commande envoyée à Arduino: GET_STATUS
2025-03-02 13:31:01 [INFO]: État Arduino mis à jour:
2025-03-02 13:32:01 [INFO]: Commande envoyée à Arduino: GET_STATUS
2025-03-02 13:32:01 [INFO]: État Arduino mis à jour:
2025-03-02 13:33:01 [INFO]: Commande envoyée à Arduino: GET_STATUS
2025-03-02 13:33:01 [INFO]: État Arduino mis à jour:
2025-03-02 13:33:40 [INFO]: Commande envoyée à Arduino: GET_STATUS
2025-03-02 13:33:40 [INFO]: État Arduino mis à jour:
2025-03-02 13:34:39 [INFO]: Commande envoyée à Arduino: GET_STATUS
2025-03-02 13:34:39 [INFO]: État Arduino mis à jour:
2025-03-02 13:36:01 [INFO]: Commande envoyée à Arduino: GET_STATUS
2025-03-02 13:36:01 [INFO]: État Arduino mis à jour:
2025-03-02 13:37:01 [INFO]: Commande envoyée à Arduino: GET_STATUS
2025-03-02 13:37:01 [INFO]: État Arduino mis à jour:
2025-03-02 13:38:01 [INFO]: Commande envoyée à Arduino: GET_STATUS
2025-03-02 13:38:01 [INFO]: État Arduino mis à jour:
2025-03-02 13:38:17 [INFO]: Commande envoyée à Arduino: GET_STATUS
2025-03-02 13:38:17 [INFO]: État Arduino mis à jour:
2025-03-02 13:38:18 [INFO]: Commande envoyée à Arduino: GET_STATUS
2025-03-02 13:38:19 [INFO]: État Arduino mis à jour:
2025-03-02 13:38:28 [INFO]: Commande envoyée à Arduino: GET_STATUS
2025-03-02 13:38:29 [INFO]: État Arduino mis à jour:
2025-03-02 13:39:29 [INFO]: Commande envoyée à Arduino: GET_STATUS
2025-03-02 13:39:29 [INFO]: État Arduino mis à jour:
2025-03-02 13:40:29 [INFO]: Commande envoyée à Arduino: GET_STATUS
2025-03-02 13:40:29 [INFO]: État Arduino mis à jour:
2025-03-02 13:41:29 [INFO]: Commande envoyée à Arduino: GET_STATUS
2025-03-02 13:41:29 [INFO]: État Arduino mis à jour:
2025-03-02 13:42:16 [INFO]: Commande envoyée à Arduino: GET_STATUS
2025-03-02 13:42:17 [INFO]: État Arduino mis à jour:
2025-03-02 13:43:16 [INFO]: Commande envoyée à Arduino: GET_STATUS
2025-03-02 13:43:17 [INFO]: Commande envoyée à Arduino: SET_FEEDING_TIME:NaN,NaN,1
2025-03-02 13:43:17 [INFO]: État Arduino mis à jour:
2025-03-02 13:43:18 [INFO]: Commande envoyée à Arduino: GET_STATUS
2025-03-02 13:43:19 [INFO]: État Arduino mis à jour:
2025-03-02 13:49:00 [INFO]: Commande envoyée à Arduino: GET_STATUS
2025-03-02 13:49:01 [INFO]: État Arduino mis à jour:
2025-03-02 13:50:01 [INFO]: Commande envoyée à Arduino: GET_STATUS
2025-03-02 13:50:01 [INFO]: État Arduino mis à jour:
2025-03-02 13:51:01 [INFO]: Commande envoyée à Arduino: GET_STATUS
2025-03-02 13:51:01 [INFO]: État Arduino mis à jour:
2025-03-02 13:52:01 [INFO]: Commande envoyée à Arduino: GET_STATUS
2025-03-02 13:52:01 [INFO]: État Arduino mis à jour:
2025-03-02 13:53:01 [INFO]: Commande envoyée à Arduino: GET_STATUS
2025-03-02 13:53:01 [INFO]: État Arduino mis à jour:
2025-03-02 13:54:01 [INFO]: Commande envoyée à Arduino: GET_STATUS
2025-03-02 13:54:01 [INFO]: État Arduino mis à jour:
2025-03-02 13:55:01 [INFO]: Connexion établie avec Arduino sur /COM5
2025-03-02 13:55:01 [INFO]: Arduino connecté au démarrage du serveur
2025-03-02 13:55:01 [INFO]: Commande envoyée à Arduino: GET_STATUS
2025-03-02 13:55:01 [INFO]: État synchronisé avec l'Arduino
2025-03-02 13:55:01 [INFO]: Commande envoyée à Arduino: GET_STATUS
2025-03-02 13:55:43 [INFO]: Commande envoyée à Arduino: SET_FEEDING_TIME:NaN,NaN,1
2025-03-02 13:55:46 [INFO]: Commande envoyée à Arduino: GET_STATUS
2025-03-02 13:56:46 [INFO]: Commande envoyée à Arduino: GET_STATUS
2025-03-02 13:57:46 [INFO]: Commande envoyée à Arduino: GET_STATUS
2025-03-02 13:58:46 [INFO]: Commande envoyée à Arduino: GET_STATUS
2025-03-02 13:59:46 [INFO]: Commande envoyée à Arduino: GET_STATUS
2025-03-02 14:00:46 [INFO]: Commande envoyée à Arduino: GET_STATUS
2025-03-02 14:08:24 [INFO]: Connexion établie avec Arduino sur /COM5
2025-03-02 14:08:24 [INFO]: Arduino connecté au démarrage du serveur
2025-03-02 14:08:24 [INFO]: Commande envoyée à Arduino: GET_STATUS
2025-03-02 14:08:24 [INFO]: État synchronisé avec l'Arduino
2025-03-02 14:08:34 [INFO]: État Arduino mis à jour:
2025-03-02 14:11:49 [INFO]: Connexion établie avec Arduino sur /COM5
2025-03-02 14:11:49 [INFO]: Arduino connecté au démarrage du serveur
2025-03-02 14:11:49 [INFO]: Commande envoyée à Arduino: GET_STATUS
2025-03-02 14:11:49 [INFO]: État synchronisé avec l'Arduino
